{"/home/votleita/Projects/drivent1-ref-initial/src/app.ts": {"path":"/home/votleita/Projects/drivent1-ref-initial/src/app.ts","statementMap":{"0":{"start":{"line":1,"column":0},"end":{"line":1,"column":26}},"1":{"start":{"line":2,"column":0},"end":{"line":2,"column":30}},"2":{"start":{"line":3,"column":0},"end":{"line":3,"column":43}},"3":{"start":{"line":4,"column":0},"end":{"line":4,"column":24}},"4":{"start":{"line":6,"column":0},"end":{"line":6,"column":60}},"5":{"start":{"line":8,"column":0},"end":{"line":8,"column":10}},"6":{"start":{"line":10,"column":0},"end":{"line":10,"column":56}},"7":{"start":{"line":11,"column":0},"end":{"line":11,"column":null}},"8":{"start":{"line":22,"column":12},"end":{"line":22,"column":21}},"9":{"start":{"line":23,"column":0},"end":{"line":35,"column":32}},"10":{"start":{"line":26,"column":33},"end":{"line":26,"column":48}},"11":{"start":{"line":38,"column":2},"end":{"line":38,"column":14}},"12":{"start":{"line":39,"column":2},"end":{"line":39,"column":30}},"13":{"start":{"line":37,"column":0},"end":{"line":37,"column":16}},"14":{"start":{"line":43,"column":2},"end":{"line":43,"column":23}},"15":{"start":{"line":42,"column":0},"end":{"line":42,"column":7}},"16":{"start":{"line":46,"column":0},"end":{"line":46,"column":19}}},"fnMap":{"0":{"name":"(anonymous_1)","decl":{"start":{"line":26,"column":18},"end":{"line":26,"column":19}},"loc":{"start":{"line":26,"column":33},"end":{"line":26,"column":48}}},"1":{"name":"init","decl":{"start":{"line":37,"column":16},"end":{"line":37,"column":20}},"loc":{"start":{"line":37,"column":20},"end":{"line":40,"column":1}}},"2":{"name":"close","decl":{"start":{"line":42,"column":22},"end":{"line":42,"column":27}},"loc":{"start":{"line":42,"column":27},"end":{"line":44,"column":1}}}},"branchMap":{},"s":{"0":11,"1":11,"2":11,"3":11,"4":11,"5":11,"6":11,"7":11,"8":11,"9":11,"10":1,"11":11,"12":11,"13":11,"14":0,"15":11,"16":11},"f":{"0":1,"1":11,"2":0},"b":{}}
,"/home/votleita/Projects/drivent1-ref-initial/src/server.ts": {"path":"/home/votleita/Projects/drivent1-ref-initial/src/server.ts","statementMap":{"0":{"start":{"line":1,"column":0},"end":{"line":1,"column":34}},"1":{"start":{"line":3,"column":13},"end":{"line":3,"column":38}},"2":{"start":{"line":5,"column":0},"end":{"line":10,"column":3}},"3":{"start":{"line":6,"column":2},"end":{"line":9,"column":5}},"4":{"start":{"line":8,"column":4},"end":{"line":8,"column":56}}},"fnMap":{"0":{"name":"(anonymous_6)","decl":{"start":{"line":5,"column":12},"end":{"line":5,"column":15}},"loc":{"start":{"line":5,"column":17},"end":{"line":10,"column":1}}},"1":{"name":"(anonymous_7)","decl":{"start":{"line":6,"column":19},"end":{"line":6,"column":22}},"loc":{"start":{"line":6,"column":24},"end":{"line":9,"column":3}}}},"branchMap":{"0":{"loc":{"start":{"line":3,"column":13},"end":{"line":3,"column":38}},"type":"binary-expr","locations":[{"start":{"line":3,"column":13},"end":{"line":3,"column":30}},{"start":{"line":3,"column":34},"end":{"line":3,"column":38}}]}},"s":{"0":0,"1":0,"2":0,"3":0,"4":0},"f":{"0":0,"1":0},"b":{"0":[0,0]}}
,"/home/votleita/Projects/drivent1-ref-initial/src/config/database.ts": {"path":"/home/votleita/Projects/drivent1-ref-initial/src/config/database.ts","statementMap":{"0":{"start":{"line":1,"column":0},"end":{"line":1,"column":46}},"1":{"start":{"line":5,"column":2},"end":{"line":5,"column":30}},"2":{"start":{"line":4,"column":0},"end":{"line":4,"column":16}},"3":{"start":{"line":9,"column":2},"end":{"line":9,"column":30}},"4":{"start":{"line":8,"column":0},"end":{"line":8,"column":7}}},"fnMap":{"0":{"name":"connectDb","decl":{"start":{"line":4,"column":16},"end":{"line":4,"column":25}},"loc":{"start":{"line":4,"column":25},"end":{"line":6,"column":1}}},"1":{"name":"disconnectDB","decl":{"start":{"line":8,"column":22},"end":{"line":8,"column":34}},"loc":{"start":{"line":8,"column":34},"end":{"line":10,"column":1}}}},"branchMap":{},"s":{"0":14,"1":11,"2":14,"3":0,"4":14},"f":{"0":11,"1":0},"b":{}}
,"/home/votleita/Projects/drivent1-ref-initial/src/config/envs.ts": {"path":"/home/votleita/Projects/drivent1-ref-initial/src/config/envs.ts","statementMap":{"0":{"start":{"line":1,"column":0},"end":{"line":1,"column":28}},"1":{"start":{"line":2,"column":0},"end":{"line":2,"column":41}},"2":{"start":{"line":6,"column":4},"end":{"line":10,"column":14}},"3":{"start":{"line":12,"column":22},"end":{"line":12,"column":45}},"4":{"start":{"line":13,"column":2},"end":{"line":13,"column":35}},"5":{"start":{"line":4,"column":0},"end":{"line":4,"column":16}}},"fnMap":{"0":{"name":"loadEnv","decl":{"start":{"line":4,"column":16},"end":{"line":4,"column":23}},"loc":{"start":{"line":4,"column":23},"end":{"line":14,"column":1}}}},"branchMap":{"0":{"loc":{"start":{"line":6,"column":4},"end":{"line":10,"column":14}},"type":"cond-expr","locations":[{"start":{"line":7,"column":8},"end":{"line":7,"column":19}},{"start":{"line":8,"column":8},"end":{"line":10,"column":14}}]},"1":{"loc":{"start":{"line":8,"column":8},"end":{"line":10,"column":14}},"type":"cond-expr","locations":[{"start":{"line":9,"column":8},"end":{"line":9,"column":26}},{"start":{"line":10,"column":8},"end":{"line":10,"column":14}}]}},"s":{"0":14,"1":14,"2":25,"3":25,"4":25,"5":14},"f":{"0":25},"b":{"0":[25,0],"1":[0,0]}}
,"/home/votleita/Projects/drivent1-ref-initial/src/config/index.ts": {"path":"/home/votleita/Projects/drivent1-ref-initial/src/config/index.ts","statementMap":{"0":{"start":{"line":1,"column":0},"end":{"line":1,"column":23}},"1":{"start":{"line":2,"column":0},"end":{"line":2,"column":27}}},"fnMap":{},"branchMap":{},"s":{"0":14,"1":14},"f":{},"b":{}}
,"/home/votleita/Projects/drivent1-ref-initial/src/controllers/authentication-controller.ts": {"path":"/home/votleita/Projects/drivent1-ref-initial/src/controllers/authentication-controller.ts","statementMap":{"0":{"start":{"line":2,"column":0},"end":{"line":2,"column":37}},"1":{"start":{"line":3,"column":0},"end":{"line":3,"column":88}},"2":{"start":{"line":6,"column":30},"end":{"line":6,"column":54}},"3":{"start":{"line":8,"column":2},"end":{"line":14,"column":null}},"4":{"start":{"line":9,"column":19},"end":{"line":9,"column":74}},"5":{"start":{"line":11,"column":4},"end":{"line":11,"column":50}},"6":{"start":{"line":13,"column":4},"end":{"line":13,"column":56}},"7":{"start":{"line":5,"column":0},"end":{"line":5,"column":7}}},"fnMap":{"0":{"name":"singInPost","decl":{"start":{"line":5,"column":22},"end":{"line":5,"column":32}},"loc":{"start":{"line":5,"column":60},"end":{"line":15,"column":1}}}},"branchMap":{},"s":{"0":11,"1":11,"2":5,"3":5,"4":5,"5":3,"6":2,"7":11},"f":{"0":5},"b":{}}
,"/home/votleita/Projects/drivent1-ref-initial/src/controllers/booking-controller.ts": {"path":"/home/votleita/Projects/drivent1-ref-initial/src/controllers/booking-controller.ts","statementMap":{"0":{"start":{"line":3,"column":0},"end":{"line":3,"column":56}},"1":{"start":{"line":4,"column":0},"end":{"line":4,"column":37}},"2":{"start":{"line":7,"column":21},"end":{"line":7,"column":24}},"3":{"start":{"line":8,"column":2},"end":{"line":13,"column":null}},"4":{"start":{"line":9,"column":20},"end":{"line":9,"column":64}},"5":{"start":{"line":10,"column":4},"end":{"line":10,"column":51}},"6":{"start":{"line":12,"column":4},"end":{"line":12,"column":12}},"7":{"start":{"line":6,"column":0},"end":{"line":6,"column":7}},"8":{"start":{"line":17,"column":21},"end":{"line":17,"column":24}},"9":{"start":{"line":18,"column":21},"end":{"line":18,"column":29}},"10":{"start":{"line":19,"column":2},"end":{"line":25,"column":null}},"11":{"start":{"line":20,"column":22},"end":{"line":20,"column":77}},"12":{"start":{"line":22,"column":4},"end":{"line":22,"column":47}},"13":{"start":{"line":24,"column":4},"end":{"line":24,"column":12}},"14":{"start":{"line":16,"column":0},"end":{"line":16,"column":7}},"15":{"start":{"line":29,"column":21},"end":{"line":29,"column":24}},"16":{"start":{"line":30,"column":21},"end":{"line":30,"column":29}},"17":{"start":{"line":31,"column":29},"end":{"line":31,"column":39}},"18":{"start":{"line":32,"column":2},"end":{"line":37,"column":null}},"19":{"start":{"line":33,"column":22},"end":{"line":33,"column":89}},"20":{"start":{"line":34,"column":4},"end":{"line":34,"column":57}},"21":{"start":{"line":36,"column":4},"end":{"line":36,"column":12}},"22":{"start":{"line":28,"column":0},"end":{"line":28,"column":7}}},"fnMap":{"0":{"name":"userBookingData","decl":{"start":{"line":6,"column":22},"end":{"line":6,"column":37}},"loc":{"start":{"line":6,"column":98},"end":{"line":14,"column":1}}},"1":{"name":"registerNewBooking","decl":{"start":{"line":16,"column":22},"end":{"line":16,"column":40}},"loc":{"start":{"line":16,"column":101},"end":{"line":26,"column":1}}},"2":{"name":"changeBooking","decl":{"start":{"line":28,"column":22},"end":{"line":28,"column":35}},"loc":{"start":{"line":28,"column":96},"end":{"line":38,"column":1}}}},"branchMap":{},"s":{"0":11,"1":11,"2":2,"3":2,"4":2,"5":1,"6":1,"7":11,"8":6,"9":6,"10":6,"11":6,"12":1,"13":5,"14":11,"15":7,"16":7,"17":7,"18":7,"19":7,"20":1,"21":6,"22":11},"f":{"0":2,"1":6,"2":7},"b":{}}
,"/home/votleita/Projects/drivent1-ref-initial/src/controllers/enrollments-controller.ts": {"path":"/home/votleita/Projects/drivent1-ref-initial/src/controllers/enrollments-controller.ts","statementMap":{"0":{"start":{"line":2,"column":0},"end":{"line":2,"column":37}},"1":{"start":{"line":4,"column":0},"end":{"line":4,"column":64}},"2":{"start":{"line":7,"column":21},"end":{"line":7,"column":24}},"3":{"start":{"line":9,"column":2},"end":{"line":15,"column":null}},"4":{"start":{"line":10,"column":34},"end":{"line":10,"column":92}},"5":{"start":{"line":12,"column":4},"end":{"line":12,"column":65}},"6":{"start":{"line":14,"column":4},"end":{"line":14,"column":49}},"7":{"start":{"line":6,"column":0},"end":{"line":6,"column":7}},"8":{"start":{"line":19,"column":2},"end":{"line":28,"column":null}},"9":{"start":{"line":20,"column":4},"end":{"line":23,"column":7}},"10":{"start":{"line":25,"column":4},"end":{"line":25,"column":41}},"11":{"start":{"line":27,"column":4},"end":{"line":27,"column":50}},"12":{"start":{"line":18,"column":0},"end":{"line":18,"column":7}},"13":{"start":{"line":32,"column":18},"end":{"line":32,"column":53}},"14":{"start":{"line":34,"column":2},"end":{"line":43,"column":null}},"15":{"start":{"line":35,"column":20},"end":{"line":35,"column":67}},"16":{"start":{"line":36,"column":4},"end":{"line":36,"column":44}},"17":{"start":{"line":38,"column":4},"end":{"line":42,"column":null}},"18":{"start":{"line":39,"column":6},"end":{"line":39,"column":51}},"19":{"start":{"line":41,"column":6},"end":{"line":41,"column":18}},"20":{"start":{"line":31,"column":0},"end":{"line":31,"column":7}}},"fnMap":{"0":{"name":"getEnrollmentByUser","decl":{"start":{"line":6,"column":22},"end":{"line":6,"column":41}},"loc":{"start":{"line":6,"column":82},"end":{"line":16,"column":1}}},"1":{"name":"postCreateOrUpdateEnrollment","decl":{"start":{"line":18,"column":22},"end":{"line":18,"column":50}},"loc":{"start":{"line":18,"column":91},"end":{"line":29,"column":1}}},"2":{"name":"getAddressFromCEP","decl":{"start":{"line":31,"column":22},"end":{"line":31,"column":39}},"loc":{"start":{"line":31,"column":100},"end":{"line":44,"column":1}}}},"branchMap":{"0":{"loc":{"start":{"line":38,"column":4},"end":{"line":42,"column":null}},"type":"if","locations":[{"start":{"line":38,"column":4},"end":{"line":42,"column":null}},{"start":{"line":40,"column":11},"end":{"line":42,"column":null}}]}},"s":{"0":11,"1":11,"2":2,"3":2,"4":2,"5":1,"6":1,"7":11,"8":2,"9":2,"10":2,"11":0,"12":11,"13":1,"14":1,"15":1,"16":1,"17":0,"18":0,"19":0,"20":11},"f":{"0":2,"1":2,"2":1},"b":{"0":[0,0]}}
,"/home/votleita/Projects/drivent1-ref-initial/src/controllers/events-controller.ts": {"path":"/home/votleita/Projects/drivent1-ref-initial/src/controllers/events-controller.ts","statementMap":{"0":{"start":{"line":2,"column":0},"end":{"line":2,"column":37}},"1":{"start":{"line":3,"column":0},"end":{"line":3,"column":54}},"2":{"start":{"line":6,"column":2},"end":{"line":11,"column":null}},"3":{"start":{"line":7,"column":18},"end":{"line":7,"column":53}},"4":{"start":{"line":8,"column":4},"end":{"line":8,"column":49}},"5":{"start":{"line":10,"column":4},"end":{"line":10,"column":53}},"6":{"start":{"line":5,"column":0},"end":{"line":5,"column":7}}},"fnMap":{"0":{"name":"getDefaultEvent","decl":{"start":{"line":5,"column":22},"end":{"line":5,"column":37}},"loc":{"start":{"line":5,"column":66},"end":{"line":12,"column":1}}}},"branchMap":{},"s":{"0":11,"1":11,"2":2,"3":2,"4":1,"5":1,"6":11},"f":{"0":2},"b":{}}
,"/home/votleita/Projects/drivent1-ref-initial/src/controllers/hotels-controller.ts": {"path":"/home/votleita/Projects/drivent1-ref-initial/src/controllers/hotels-controller.ts","statementMap":{"0":{"start":{"line":2,"column":0},"end":{"line":2,"column":37}},"1":{"start":{"line":4,"column":0},"end":{"line":4,"column":43}},"2":{"start":{"line":7,"column":2},"end":{"line":13,"column":null}},"3":{"start":{"line":8,"column":23},"end":{"line":8,"column":26}},"4":{"start":{"line":9,"column":19},"end":{"line":9,"column":57}},"5":{"start":{"line":10,"column":4},"end":{"line":10,"column":50}},"6":{"start":{"line":12,"column":4},"end":{"line":12,"column":16}},"7":{"start":{"line":6,"column":0},"end":{"line":6,"column":7}},"8":{"start":{"line":17,"column":21},"end":{"line":17,"column":24}},"9":{"start":{"line":18,"column":22},"end":{"line":18,"column":32}},"10":{"start":{"line":20,"column":2},"end":{"line":25,"column":null}},"11":{"start":{"line":21,"column":18},"end":{"line":21,"column":77}},"12":{"start":{"line":22,"column":4},"end":{"line":22,"column":49}},"13":{"start":{"line":24,"column":4},"end":{"line":24,"column":16}},"14":{"start":{"line":16,"column":0},"end":{"line":16,"column":7}}},"fnMap":{"0":{"name":"getHotelList","decl":{"start":{"line":6,"column":22},"end":{"line":6,"column":34}},"loc":{"start":{"line":6,"column":95},"end":{"line":14,"column":1}}},"1":{"name":"getHotelRooms","decl":{"start":{"line":16,"column":22},"end":{"line":16,"column":35}},"loc":{"start":{"line":16,"column":96},"end":{"line":26,"column":1}}}},"branchMap":{},"s":{"0":11,"1":11,"2":7,"3":7,"4":7,"5":1,"6":6,"7":11,"8":5,"9":5,"10":5,"11":5,"12":1,"13":4,"14":11},"f":{"0":7,"1":5},"b":{}}
,"/home/votleita/Projects/drivent1-ref-initial/src/controllers/index.ts": {"path":"/home/votleita/Projects/drivent1-ref-initial/src/controllers/index.ts","statementMap":{"0":{"start":{"line":1,"column":0},"end":{"line":1,"column":35}},"1":{"start":{"line":2,"column":0},"end":{"line":2,"column":44}},"2":{"start":{"line":3,"column":0},"end":{"line":3,"column":36}},"3":{"start":{"line":4,"column":0},"end":{"line":4,"column":41}},"4":{"start":{"line":5,"column":0},"end":{"line":5,"column":38}},"5":{"start":{"line":6,"column":0},"end":{"line":6,"column":37}},"6":{"start":{"line":7,"column":0},"end":{"line":7,"column":36}},"7":{"start":{"line":8,"column":0},"end":{"line":8,"column":37}}},"fnMap":{},"branchMap":{},"s":{"0":11,"1":11,"2":11,"3":11,"4":11,"5":11,"6":11,"7":11},"f":{},"b":{}}
,"/home/votleita/Projects/drivent1-ref-initial/src/controllers/payments-controller.ts": {"path":"/home/votleita/Projects/drivent1-ref-initial/src/controllers/payments-controller.ts","statementMap":{"0":{"start":{"line":2,"column":0},"end":{"line":2,"column":37}},"1":{"start":{"line":3,"column":0},"end":{"line":3,"column":61}},"2":{"start":{"line":8,"column":21},"end":{"line":8,"column":24}},"3":{"start":{"line":9,"column":23},"end":{"line":9,"column":58}},"4":{"start":{"line":10,"column":2},"end":{"line":15,"column":null}},"5":{"start":{"line":11,"column":23},"end":{"line":11,"column":86}},"6":{"start":{"line":12,"column":4},"end":{"line":12,"column":47}},"7":{"start":{"line":14,"column":4},"end":{"line":14,"column":16}},"8":{"start":{"line":7,"column":0},"end":{"line":7,"column":7}},"9":{"start":{"line":19,"column":21},"end":{"line":19,"column":24}},"10":{"start":{"line":20,"column":22},"end":{"line":20,"column":55}},"11":{"start":{"line":22,"column":2},"end":{"line":27,"column":null}},"12":{"start":{"line":23,"column":24},"end":{"line":23,"column":83}},"13":{"start":{"line":24,"column":4},"end":{"line":24,"column":48}},"14":{"start":{"line":26,"column":4},"end":{"line":26,"column":16}},"15":{"start":{"line":18,"column":0},"end":{"line":18,"column":7}}},"fnMap":{"0":{"name":"getTicketPaymentInfo","decl":{"start":{"line":7,"column":22},"end":{"line":7,"column":42}},"loc":{"start":{"line":7,"column":103},"end":{"line":16,"column":1}}},"1":{"name":"postTicketPayment","decl":{"start":{"line":18,"column":22},"end":{"line":18,"column":39}},"loc":{"start":{"line":18,"column":100},"end":{"line":28,"column":1}}}},"branchMap":{},"s":{"0":11,"1":11,"2":3,"3":3,"4":3,"5":3,"6":1,"7":2,"8":11,"9":5,"10":5,"11":5,"12":5,"13":3,"14":2,"15":11},"f":{"0":3,"1":5},"b":{}}
,"/home/votleita/Projects/drivent1-ref-initial/src/controllers/tickets-controller.ts": {"path":"/home/votleita/Projects/drivent1-ref-initial/src/controllers/tickets-controller.ts","statementMap":{"0":{"start":{"line":2,"column":0},"end":{"line":2,"column":59}},"1":{"start":{"line":4,"column":0},"end":{"line":4,"column":37}},"2":{"start":{"line":7,"column":2},"end":{"line":12,"column":null}},"3":{"start":{"line":8,"column":24},"end":{"line":8,"column":61}},"4":{"start":{"line":9,"column":4},"end":{"line":9,"column":48}},"5":{"start":{"line":11,"column":4},"end":{"line":11,"column":16}},"6":{"start":{"line":6,"column":0},"end":{"line":6,"column":7}},"7":{"start":{"line":16,"column":21},"end":{"line":16,"column":24}},"8":{"start":{"line":17,"column":2},"end":{"line":22,"column":null}},"9":{"start":{"line":18,"column":24},"end":{"line":18,"column":67}},"10":{"start":{"line":19,"column":4},"end":{"line":19,"column":48}},"11":{"start":{"line":21,"column":4},"end":{"line":21,"column":16}},"12":{"start":{"line":15,"column":0},"end":{"line":15,"column":7}},"13":{"start":{"line":26,"column":21},"end":{"line":26,"column":24}},"14":{"start":{"line":27,"column":27},"end":{"line":27,"column":63}},"15":{"start":{"line":29,"column":2},"end":{"line":34,"column":null}},"16":{"start":{"line":30,"column":19},"end":{"line":30,"column":80}},"17":{"start":{"line":31,"column":4},"end":{"line":31,"column":48}},"18":{"start":{"line":33,"column":4},"end":{"line":33,"column":16}},"19":{"start":{"line":25,"column":0},"end":{"line":25,"column":7}}},"fnMap":{"0":{"name":"getTicketType","decl":{"start":{"line":6,"column":22},"end":{"line":6,"column":35}},"loc":{"start":{"line":6,"column":96},"end":{"line":13,"column":1}}},"1":{"name":"getTicketsFromUserId","decl":{"start":{"line":15,"column":22},"end":{"line":15,"column":42}},"loc":{"start":{"line":15,"column":103},"end":{"line":23,"column":1}}},"2":{"name":"postNewTiket","decl":{"start":{"line":25,"column":22},"end":{"line":25,"column":34}},"loc":{"start":{"line":25,"column":95},"end":{"line":35,"column":1}}}},"branchMap":{},"s":{"0":11,"1":11,"2":2,"3":2,"4":2,"5":0,"6":11,"7":3,"8":3,"9":3,"10":1,"11":2,"12":11,"13":3,"14":3,"15":3,"16":3,"17":2,"18":1,"19":11},"f":{"0":2,"1":3,"2":3},"b":{}}
,"/home/votleita/Projects/drivent1-ref-initial/src/controllers/users-controller.ts": {"path":"/home/votleita/Projects/drivent1-ref-initial/src/controllers/users-controller.ts","statementMap":{"0":{"start":{"line":2,"column":0},"end":{"line":2,"column":37}},"1":{"start":{"line":3,"column":0},"end":{"line":3,"column":51}},"2":{"start":{"line":6,"column":30},"end":{"line":6,"column":38}},"3":{"start":{"line":8,"column":2},"end":{"line":19,"column":null}},"4":{"start":{"line":9,"column":17},"end":{"line":9,"column":66}},"5":{"start":{"line":10,"column":4},"end":{"line":13,"column":7}},"6":{"start":{"line":15,"column":4},"end":{"line":17,"column":null}},"7":{"start":{"line":16,"column":6},"end":{"line":16,"column":57}},"8":{"start":{"line":18,"column":4},"end":{"line":18,"column":58}},"9":{"start":{"line":5,"column":0},"end":{"line":5,"column":7}}},"fnMap":{"0":{"name":"usersPost","decl":{"start":{"line":5,"column":22},"end":{"line":5,"column":31}},"loc":{"start":{"line":5,"column":59},"end":{"line":20,"column":1}}}},"branchMap":{"0":{"loc":{"start":{"line":15,"column":4},"end":{"line":17,"column":null}},"type":"if","locations":[{"start":{"line":15,"column":4},"end":{"line":17,"column":null}}]}},"s":{"0":11,"1":11,"2":6,"3":6,"4":6,"5":3,"6":3,"7":1,"8":2,"9":11},"f":{"0":6},"b":{"0":[1]}}
,"/home/votleita/Projects/drivent1-ref-initial/src/errors/cannot-enroll-before-start-date-error.ts": {"path":"/home/votleita/Projects/drivent1-ref-initial/src/errors/cannot-enroll-before-start-date-error.ts","statementMap":{"0":{"start":{"line":4,"column":2},"end":{"line":7,"column":4}},"1":{"start":{"line":3,"column":0},"end":{"line":3,"column":16}}},"fnMap":{"0":{"name":"cannotEnrollBeforeStartDateError","decl":{"start":{"line":3,"column":16},"end":{"line":3,"column":48}},"loc":{"start":{"line":3,"column":48},"end":{"line":8,"column":1}}}},"branchMap":{},"s":{"0":2,"1":11},"f":{"0":2},"b":{}}
,"/home/votleita/Projects/drivent1-ref-initial/src/errors/cannot-list-hotels-error.ts": {"path":"/home/votleita/Projects/drivent1-ref-initial/src/errors/cannot-list-hotels-error.ts","statementMap":{"0":{"start":{"line":4,"column":2},"end":{"line":7,"column":4}},"1":{"start":{"line":3,"column":0},"end":{"line":3,"column":16}}},"fnMap":{"0":{"name":"cannotListHotelsError","decl":{"start":{"line":3,"column":16},"end":{"line":3,"column":37}},"loc":{"start":{"line":3,"column":37},"end":{"line":8,"column":1}}}},"branchMap":{},"s":{"0":0,"1":0},"f":{"0":0},"b":{}}
,"/home/votleita/Projects/drivent1-ref-initial/src/errors/conflict-error.ts": {"path":"/home/votleita/Projects/drivent1-ref-initial/src/errors/conflict-error.ts","statementMap":{"0":{"start":{"line":4,"column":2},"end":{"line":7,"column":4}},"1":{"start":{"line":3,"column":0},"end":{"line":3,"column":16}}},"fnMap":{"0":{"name":"conflictError","decl":{"start":{"line":3,"column":16},"end":{"line":3,"column":29}},"loc":{"start":{"line":3,"column":45},"end":{"line":8,"column":1}}}},"branchMap":{},"s":{"0":0,"1":11},"f":{"0":0},"b":{}}
,"/home/votleita/Projects/drivent1-ref-initial/src/errors/index.ts": {"path":"/home/votleita/Projects/drivent1-ref-initial/src/errors/index.ts","statementMap":{"0":{"start":{"line":1,"column":0},"end":{"line":1,"column":56}},"1":{"start":{"line":2,"column":0},"end":{"line":2,"column":33}},"2":{"start":{"line":3,"column":0},"end":{"line":3,"column":37}},"3":{"start":{"line":4,"column":0},"end":{"line":4,"column":38}},"4":{"start":{"line":5,"column":0},"end":{"line":5,"column":34}},"5":{"start":{"line":6,"column":0},"end":{"line":6,"column":37}},"6":{"start":{"line":7,"column":0},"end":{"line":7,"column":32}},"7":{"start":{"line":8,"column":0},"end":{"line":8,"column":39}}},"fnMap":{},"branchMap":{},"s":{"0":11,"1":11,"2":11,"3":11,"4":11,"5":11,"6":11,"7":11},"f":{},"b":{}}
,"/home/votleita/Projects/drivent1-ref-initial/src/errors/invalid-access-error.ts": {"path":"/home/votleita/Projects/drivent1-ref-initial/src/errors/invalid-access-error.ts","statementMap":{"0":{"start":{"line":4,"column":2},"end":{"line":7,"column":4}},"1":{"start":{"line":3,"column":0},"end":{"line":3,"column":16}}},"fnMap":{"0":{"name":"invalidAccessError","decl":{"start":{"line":3,"column":16},"end":{"line":3,"column":34}},"loc":{"start":{"line":3,"column":34},"end":{"line":8,"column":1}}}},"branchMap":{},"s":{"0":9,"1":11},"f":{"0":9},"b":{}}
,"/home/votleita/Projects/drivent1-ref-initial/src/errors/invalid-data-error.ts": {"path":"/home/votleita/Projects/drivent1-ref-initial/src/errors/invalid-data-error.ts","statementMap":{"0":{"start":{"line":4,"column":2},"end":{"line":8,"column":4}},"1":{"start":{"line":3,"column":0},"end":{"line":3,"column":16}}},"fnMap":{"0":{"name":"invalidDataError","decl":{"start":{"line":3,"column":16},"end":{"line":3,"column":32}},"loc":{"start":{"line":3,"column":50},"end":{"line":9,"column":1}}}},"branchMap":{},"s":{"0":12,"1":11},"f":{"0":12},"b":{}}
,"/home/votleita/Projects/drivent1-ref-initial/src/errors/invalid-email-error.ts": {"path":"/home/votleita/Projects/drivent1-ref-initial/src/errors/invalid-email-error.ts","statementMap":{"0":{"start":{"line":4,"column":2},"end":{"line":8,"column":4}},"1":{"start":{"line":3,"column":0},"end":{"line":3,"column":16}}},"fnMap":{"0":{"name":"invalidEmailError","decl":{"start":{"line":3,"column":16},"end":{"line":3,"column":33}},"loc":{"start":{"line":3,"column":47},"end":{"line":9,"column":1}}}},"branchMap":{},"s":{"0":0,"1":11},"f":{"0":0},"b":{}}
,"/home/votleita/Projects/drivent1-ref-initial/src/errors/not-found-error.ts": {"path":"/home/votleita/Projects/drivent1-ref-initial/src/errors/not-found-error.ts","statementMap":{"0":{"start":{"line":4,"column":2},"end":{"line":7,"column":4}},"1":{"start":{"line":3,"column":0},"end":{"line":3,"column":16}}},"fnMap":{"0":{"name":"notFoundError","decl":{"start":{"line":3,"column":16},"end":{"line":3,"column":29}},"loc":{"start":{"line":3,"column":29},"end":{"line":8,"column":1}}}},"branchMap":{},"s":{"0":14,"1":11},"f":{"0":14},"b":{}}
,"/home/votleita/Projects/drivent1-ref-initial/src/errors/payment-required-error.ts": {"path":"/home/votleita/Projects/drivent1-ref-initial/src/errors/payment-required-error.ts","statementMap":{"0":{"start":{"line":4,"column":2},"end":{"line":7,"column":4}},"1":{"start":{"line":3,"column":0},"end":{"line":3,"column":16}}},"fnMap":{"0":{"name":"paymentRequired","decl":{"start":{"line":3,"column":16},"end":{"line":3,"column":31}},"loc":{"start":{"line":3,"column":31},"end":{"line":8,"column":1}}}},"branchMap":{},"s":{"0":6,"1":11},"f":{"0":6},"b":{}}
,"/home/votleita/Projects/drivent1-ref-initial/src/errors/request-error.ts": {"path":"/home/votleita/Projects/drivent1-ref-initial/src/errors/request-error.ts","statementMap":{"0":{"start":{"line":4,"column":2},"end":{"line":10,"column":4}},"1":{"start":{"line":3,"column":0},"end":{"line":3,"column":16}}},"fnMap":{"0":{"name":"requestError","decl":{"start":{"line":3,"column":16},"end":{"line":3,"column":28}},"loc":{"start":{"line":3,"column":63},"end":{"line":11,"column":1}}}},"branchMap":{},"s":{"0":0,"1":11},"f":{"0":0},"b":{}}
,"/home/votleita/Projects/drivent1-ref-initial/src/errors/unauthorized-error.ts": {"path":"/home/votleita/Projects/drivent1-ref-initial/src/errors/unauthorized-error.ts","statementMap":{"0":{"start":{"line":4,"column":2},"end":{"line":7,"column":4}},"1":{"start":{"line":3,"column":0},"end":{"line":3,"column":16}}},"fnMap":{"0":{"name":"unauthorizedError","decl":{"start":{"line":3,"column":16},"end":{"line":3,"column":33}},"loc":{"start":{"line":3,"column":33},"end":{"line":8,"column":1}}}},"branchMap":{},"s":{"0":38,"1":11},"f":{"0":38},"b":{}}
,"/home/votleita/Projects/drivent1-ref-initial/src/middlewares/authentication-middleware.ts": {"path":"/home/votleita/Projects/drivent1-ref-initial/src/middlewares/authentication-middleware.ts","statementMap":{"0":{"start":{"line":2,"column":0},"end":{"line":2,"column":37}},"1":{"start":{"line":3,"column":0},"end":{"line":3,"column":36}},"2":{"start":{"line":5,"column":0},"end":{"line":5,"column":45}},"3":{"start":{"line":6,"column":0},"end":{"line":6,"column":34}},"4":{"start":{"line":9,"column":21},"end":{"line":9,"column":48}},"5":{"start":{"line":10,"column":2},"end":{"line":10,"column":60}},"6":{"start":{"line":10,"column":19},"end":{"line":10,"column":60}},"7":{"start":{"line":12,"column":16},"end":{"line":12,"column":40}},"8":{"start":{"line":13,"column":2},"end":{"line":13,"column":55}},"9":{"start":{"line":13,"column":14},"end":{"line":13,"column":55}},"10":{"start":{"line":15,"column":2},"end":{"line":30,"column":null}},"11":{"start":{"line":16,"column":23},"end":{"line":16,"column":78}},"12":{"start":{"line":18,"column":20},"end":{"line":22,"column":6}},"13":{"start":{"line":23,"column":4},"end":{"line":23,"column":59}},"14":{"start":{"line":23,"column":18},"end":{"line":23,"column":59}},"15":{"start":{"line":25,"column":4},"end":{"line":25,"column":24}},"16":{"start":{"line":27,"column":4},"end":{"line":27,"column":18}},"17":{"start":{"line":29,"column":4},"end":{"line":29,"column":45}},"18":{"start":{"line":8,"column":0},"end":{"line":8,"column":7}},"19":{"start":{"line":34,"column":2},"end":{"line":34,"column":64}}},"fnMap":{"0":{"name":"authenticateToken","decl":{"start":{"line":8,"column":22},"end":{"line":8,"column":39}},"loc":{"start":{"line":8,"column":100},"end":{"line":31,"column":1}}},"1":{"name":"generateUnauthorizedResponse","decl":{"start":{"line":33,"column":9},"end":{"line":33,"column":37}},"loc":{"start":{"line":33,"column":51},"end":{"line":35,"column":1}}}},"branchMap":{"0":{"loc":{"start":{"line":10,"column":2},"end":{"line":10,"column":60}},"type":"if","locations":[{"start":{"line":10,"column":2},"end":{"line":10,"column":60}}]},"1":{"loc":{"start":{"line":13,"column":2},"end":{"line":13,"column":55}},"type":"if","locations":[{"start":{"line":13,"column":2},"end":{"line":13,"column":55}}]},"2":{"loc":{"start":{"line":23,"column":4},"end":{"line":23,"column":59}},"type":"if","locations":[{"start":{"line":23,"column":4},"end":{"line":23,"column":59}}]}},"s":{"0":11,"1":11,"2":11,"3":11,"4":90,"5":90,"6":12,"7":78,"8":78,"9":0,"10":78,"11":78,"12":66,"13":66,"14":12,"15":54,"16":54,"17":12,"18":11,"19":36},"f":{"0":90,"1":36},"b":{"0":[12],"1":[0],"2":[12]}}
,"/home/votleita/Projects/drivent1-ref-initial/src/middlewares/error-handling-middleware.ts": {"path":"/home/votleita/Projects/drivent1-ref-initial/src/middlewares/error-handling-middleware.ts","statementMap":{"0":{"start":{"line":2,"column":0},"end":{"line":2,"column":37}},"1":{"start":{"line":11,"column":2},"end":{"line":15,"column":null}},"2":{"start":{"line":12,"column":4},"end":{"line":14,"column":7}},"3":{"start":{"line":17,"column":2},"end":{"line":21,"column":null}},"4":{"start":{"line":18,"column":4},"end":{"line":20,"column":7}},"5":{"start":{"line":23,"column":2},"end":{"line":27,"column":null}},"6":{"start":{"line":24,"column":4},"end":{"line":26,"column":7}},"7":{"start":{"line":29,"column":2},"end":{"line":33,"column":null}},"8":{"start":{"line":30,"column":4},"end":{"line":32,"column":7}},"9":{"start":{"line":35,"column":2},"end":{"line":39,"column":null}},"10":{"start":{"line":36,"column":4},"end":{"line":38,"column":7}},"11":{"start":{"line":41,"column":2},"end":{"line":62,"column":null}},"12":{"start":{"line":42,"column":4},"end":{"line":61,"column":null}},"13":{"start":{"line":44,"column":20},"end":{"line":44,"column":109}},"14":{"start":{"line":45,"column":21},"end":{"line":45,"column":22}},"15":{"start":{"line":47,"column":6},"end":{"line":50,"column":9}},"16":{"start":{"line":51,"column":11},"end":{"line":61,"column":null}},"17":{"start":{"line":51,"column":38},"end":{"line":51,"column":90}},"18":{"start":{"line":51,"column":104},"end":{"line":51,"column":105}},"19":{"start":{"line":52,"column":6},"end":{"line":55,"column":9}},"20":{"start":{"line":57,"column":6},"end":{"line":60,"column":9}},"21":{"start":{"line":64,"column":2},"end":{"line":68,"column":null}},"22":{"start":{"line":65,"column":4},"end":{"line":67,"column":7}},"23":{"start":{"line":70,"column":2},"end":{"line":74,"column":null}},"24":{"start":{"line":71,"column":4},"end":{"line":73,"column":7}},"25":{"start":{"line":76,"column":2},"end":{"line":80,"column":null}},"26":{"start":{"line":77,"column":4},"end":{"line":79,"column":7}},"27":{"start":{"line":83,"column":2},"end":{"line":83,"column":26}},"28":{"start":{"line":84,"column":2},"end":{"line":87,"column":5}},"29":{"start":{"line":5,"column":0},"end":{"line":5,"column":16}}},"fnMap":{"0":{"name":"handleApplicationErrors","decl":{"start":{"line":5,"column":16},"end":{"line":5,"column":39}},"loc":{"start":{"line":9,"column":21},"end":{"line":88,"column":1}}},"1":{"name":"(anonymous_2)","decl":{"start":{"line":44,"column":13},"end":{"line":44,"column":14}},"loc":{"start":{"line":44,"column":20},"end":{"line":44,"column":109}}},"2":{"name":"(anonymous_3)","decl":{"start":{"line":45,"column":14},"end":{"line":45,"column":15}},"loc":{"start":{"line":45,"column":21},"end":{"line":45,"column":22}}},"3":{"name":"(anonymous_4)","decl":{"start":{"line":51,"column":31},"end":{"line":51,"column":32}},"loc":{"start":{"line":51,"column":38},"end":{"line":51,"column":90}}},"4":{"name":"(anonymous_5)","decl":{"start":{"line":51,"column":97},"end":{"line":51,"column":98}},"loc":{"start":{"line":51,"column":104},"end":{"line":51,"column":105}}}},"branchMap":{"0":{"loc":{"start":{"line":11,"column":2},"end":{"line":15,"column":null}},"type":"if","locations":[{"start":{"line":11,"column":2},"end":{"line":15,"column":null}}]},"1":{"loc":{"start":{"line":17,"column":2},"end":{"line":21,"column":null}},"type":"if","locations":[{"start":{"line":17,"column":2},"end":{"line":21,"column":null}}]},"2":{"loc":{"start":{"line":17,"column":6},"end":{"line":17,"column":73}},"type":"binary-expr","locations":[{"start":{"line":17,"column":6},"end":{"line":17,"column":34}},{"start":{"line":17,"column":38},"end":{"line":17,"column":73}}]},"3":{"loc":{"start":{"line":23,"column":2},"end":{"line":27,"column":null}},"type":"if","locations":[{"start":{"line":23,"column":2},"end":{"line":27,"column":null}}]},"4":{"loc":{"start":{"line":29,"column":2},"end":{"line":33,"column":null}},"type":"if","locations":[{"start":{"line":29,"column":2},"end":{"line":33,"column":null}}]},"5":{"loc":{"start":{"line":35,"column":2},"end":{"line":39,"column":null}},"type":"if","locations":[{"start":{"line":35,"column":2},"end":{"line":39,"column":null}}]},"6":{"loc":{"start":{"line":41,"column":2},"end":{"line":62,"column":null}},"type":"if","locations":[{"start":{"line":41,"column":2},"end":{"line":62,"column":null}}]},"7":{"loc":{"start":{"line":42,"column":4},"end":{"line":61,"column":null}},"type":"if","locations":[{"start":{"line":42,"column":4},"end":{"line":61,"column":null}},{"start":{"line":51,"column":11},"end":{"line":61,"column":null}}]},"8":{"loc":{"start":{"line":51,"column":11},"end":{"line":61,"column":null}},"type":"if","locations":[{"start":{"line":51,"column":11},"end":{"line":61,"column":null}},{"start":{"line":56,"column":11},"end":{"line":61,"column":null}}]},"9":{"loc":{"start":{"line":64,"column":2},"end":{"line":68,"column":null}},"type":"if","locations":[{"start":{"line":64,"column":2},"end":{"line":68,"column":null}}]},"10":{"loc":{"start":{"line":70,"column":2},"end":{"line":74,"column":null}},"type":"if","locations":[{"start":{"line":70,"column":2},"end":{"line":74,"column":null}}]},"11":{"loc":{"start":{"line":76,"column":2},"end":{"line":80,"column":null}},"type":"if","locations":[{"start":{"line":76,"column":2},"end":{"line":80,"column":null}}]}},"s":{"0":11,"1":41,"2":0,"3":41,"4":0,"5":41,"6":0,"7":41,"8":9,"9":32,"10":6,"11":26,"12":12,"13":29,"14":28,"15":1,"16":11,"17":27,"18":27,"19":0,"20":11,"21":14,"22":2,"23":12,"24":12,"25":0,"26":0,"27":0,"28":0,"29":11},"f":{"0":41,"1":29,"2":28,"3":27,"4":27},"b":{"0":[0],"1":[0],"2":[41,41],"3":[0],"4":[9],"5":[6],"6":[12],"7":[1,11],"8":[0,11],"9":[2],"10":[12],"11":[0]}}
,"/home/votleita/Projects/drivent1-ref-initial/src/middlewares/index.ts": {"path":"/home/votleita/Projects/drivent1-ref-initial/src/middlewares/index.ts","statementMap":{"0":{"start":{"line":1,"column":0},"end":{"line":1,"column":44}},"1":{"start":{"line":2,"column":0},"end":{"line":2,"column":40}},"2":{"start":{"line":3,"column":0},"end":{"line":3,"column":44}}},"fnMap":{},"branchMap":{},"s":{"0":11,"1":11,"2":11},"f":{},"b":{}}
,"/home/votleita/Projects/drivent1-ref-initial/src/middlewares/validation-middleware.ts": {"path":"/home/votleita/Projects/drivent1-ref-initial/src/middlewares/validation-middleware.ts","statementMap":{"0":{"start":{"line":3,"column":0},"end":{"line":3,"column":44}},"1":{"start":{"line":6,"column":2},"end":{"line":6,"column":34}},"2":{"start":{"line":5,"column":0},"end":{"line":5,"column":16}},"3":{"start":{"line":10,"column":2},"end":{"line":10,"column":36}},"4":{"start":{"line":9,"column":0},"end":{"line":9,"column":16}},"5":{"start":{"line":14,"column":2},"end":{"line":14,"column":35}},"6":{"start":{"line":13,"column":0},"end":{"line":13,"column":16}},"7":{"start":{"line":18,"column":2},"end":{"line":29,"column":4}},"8":{"start":{"line":19,"column":22},"end":{"line":21,"column":6}},"9":{"start":{"line":23,"column":4},"end":{"line":28,"column":null}},"10":{"start":{"line":24,"column":6},"end":{"line":24,"column":13}},"11":{"start":{"line":26,"column":32},"end":{"line":26,"column":67}},"12":{"start":{"line":26,"column":57},"end":{"line":26,"column":66}},"13":{"start":{"line":27,"column":6},"end":{"line":27,"column":38}}},"fnMap":{"0":{"name":"validateBody","decl":{"start":{"line":5,"column":16},"end":{"line":5,"column":28}},"loc":{"start":{"line":5,"column":55},"end":{"line":7,"column":1}}},"1":{"name":"validateParams","decl":{"start":{"line":9,"column":16},"end":{"line":9,"column":30}},"loc":{"start":{"line":9,"column":57},"end":{"line":11,"column":1}}},"2":{"name":"validateQuery","decl":{"start":{"line":13,"column":16},"end":{"line":13,"column":29}},"loc":{"start":{"line":13,"column":56},"end":{"line":15,"column":1}}},"3":{"name":"validate","decl":{"start":{"line":17,"column":9},"end":{"line":17,"column":17}},"loc":{"start":{"line":17,"column":73},"end":{"line":30,"column":1}}},"4":{"name":"(anonymous_4)","decl":{"start":{"line":18,"column":9},"end":{"line":18,"column":10}},"loc":{"start":{"line":18,"column":61},"end":{"line":29,"column":3}}},"5":{"name":"(anonymous_5)","decl":{"start":{"line":26,"column":50},"end":{"line":26,"column":51}},"loc":{"start":{"line":26,"column":57},"end":{"line":26,"column":66}}}},"branchMap":{"0":{"loc":{"start":{"line":23,"column":4},"end":{"line":28,"column":null}},"type":"if","locations":[{"start":{"line":23,"column":4},"end":{"line":28,"column":null}},{"start":{"line":25,"column":11},"end":{"line":28,"column":null}}]}},"s":{"0":11,"1":55,"2":11,"3":11,"4":11,"5":22,"6":11,"7":88,"8":42,"9":42,"10":30,"11":12,"12":29,"13":12},"f":{"0":55,"1":11,"2":22,"3":88,"4":42,"5":29},"b":{"0":[30,12]}}
,"/home/votleita/Projects/drivent1-ref-initial/src/repositories/address-repository/index.ts": {"path":"/home/votleita/Projects/drivent1-ref-initial/src/repositories/address-repository/index.ts","statementMap":{"0":{"start":{"line":2,"column":0},"end":{"line":2,"column":34}},"1":{"start":{"line":5,"column":2},"end":{"line":14,"column":5}},"2":{"start":{"line":20,"column":26},"end":{"line":22,"column":2}},"3":{"start":{"line":24,"column":0},"end":{"line":24,"column":33}}},"fnMap":{"0":{"name":"upsert","decl":{"start":{"line":4,"column":15},"end":{"line":4,"column":21}},"loc":{"start":{"line":4,"column":116},"end":{"line":15,"column":1}}}},"branchMap":{},"s":{"0":11,"1":2,"2":11,"3":11},"f":{"0":2},"b":{}}
,"/home/votleita/Projects/drivent1-ref-initial/src/repositories/booking-repository/index.ts": {"path":"/home/votleita/Projects/drivent1-ref-initial/src/repositories/booking-repository/index.ts","statementMap":{"0":{"start":{"line":1,"column":0},"end":{"line":1,"column":34}},"1":{"start":{"line":4,"column":2},"end":{"line":12,"column":5}},"2":{"start":{"line":16,"column":2},"end":{"line":20,"column":5}},"3":{"start":{"line":24,"column":2},"end":{"line":28,"column":5}},"4":{"start":{"line":32,"column":2},"end":{"line":42,"column":5}},"5":{"start":{"line":45,"column":26},"end":{"line":50,"column":2}},"6":{"start":{"line":52,"column":0},"end":{"line":52,"column":33}}},"fnMap":{"0":{"name":"userBookingData","decl":{"start":{"line":3,"column":15},"end":{"line":3,"column":30}},"loc":{"start":{"line":3,"column":45},"end":{"line":13,"column":1}}},"1":{"name":"findRoom","decl":{"start":{"line":15,"column":15},"end":{"line":15,"column":23}},"loc":{"start":{"line":15,"column":38},"end":{"line":21,"column":1}}},"2":{"name":"findBookedRoom","decl":{"start":{"line":23,"column":15},"end":{"line":23,"column":29}},"loc":{"start":{"line":23,"column":44},"end":{"line":29,"column":1}}},"3":{"name":"upsertBooking","decl":{"start":{"line":31,"column":15},"end":{"line":31,"column":28}},"loc":{"start":{"line":31,"column":79},"end":{"line":43,"column":1}}}},"branchMap":{"0":{"loc":{"start":{"line":33,"column":17},"end":{"line":33,"column":43}},"type":"cond-expr","locations":[{"start":{"line":33,"column":29},"end":{"line":33,"column":38}},{"start":{"line":33,"column":41},"end":{"line":33,"column":43}}]}},"s":{"0":11,"1":4,"2":13,"3":5,"4":2,"5":11,"6":11},"f":{"0":4,"1":13,"2":5,"3":2},"b":{"0":[0,2]}}
,"/home/votleita/Projects/drivent1-ref-initial/src/repositories/enrollment-repository/index.ts": {"path":"/home/votleita/Projects/drivent1-ref-initial/src/repositories/enrollment-repository/index.ts","statementMap":{"0":{"start":{"line":2,"column":0},"end":{"line":2,"column":34}},"1":{"start":{"line":5,"column":2},"end":{"line":10,"column":5}},"2":{"start":{"line":18,"column":2},"end":{"line":24,"column":5}},"3":{"start":{"line":28,"column":2},"end":{"line":30,"column":5}},"4":{"start":{"line":36,"column":29},"end":{"line":40,"column":2}},"5":{"start":{"line":42,"column":0},"end":{"line":42,"column":36}}},"fnMap":{"0":{"name":"findWithAddressByUserId","decl":{"start":{"line":4,"column":15},"end":{"line":4,"column":38}},"loc":{"start":{"line":4,"column":53},"end":{"line":11,"column":1}}},"1":{"name":"upsert","decl":{"start":{"line":13,"column":15},"end":{"line":13,"column":21}},"loc":{"start":{"line":16,"column":43},"end":{"line":25,"column":1}}},"2":{"name":"findById","decl":{"start":{"line":27,"column":15},"end":{"line":27,"column":23}},"loc":{"start":{"line":27,"column":44},"end":{"line":31,"column":1}}}},"branchMap":{},"s":{"0":11,"1":2,"2":2,"3":0,"4":11,"5":11},"f":{"0":2,"1":2,"2":0},"b":{}}
,"/home/votleita/Projects/drivent1-ref-initial/src/repositories/event-repository/index.ts": {"path":"/home/votleita/Projects/drivent1-ref-initial/src/repositories/event-repository/index.ts","statementMap":{"0":{"start":{"line":1,"column":0},"end":{"line":1,"column":34}},"1":{"start":{"line":4,"column":2},"end":{"line":4,"column":34}},"2":{"start":{"line":7,"column":24},"end":{"line":9,"column":2}},"3":{"start":{"line":11,"column":0},"end":{"line":11,"column":31}}},"fnMap":{"0":{"name":"findFirst","decl":{"start":{"line":3,"column":15},"end":{"line":3,"column":24}},"loc":{"start":{"line":3,"column":24},"end":{"line":5,"column":1}}}},"branchMap":{},"s":{"0":11,"1":11,"2":11,"3":11},"f":{"0":11},"b":{}}
,"/home/votleita/Projects/drivent1-ref-initial/src/repositories/hotels-repository/index.ts": {"path":"/home/votleita/Projects/drivent1-ref-initial/src/repositories/hotels-repository/index.ts","statementMap":{"0":{"start":{"line":1,"column":0},"end":{"line":1,"column":34}},"1":{"start":{"line":4,"column":2},"end":{"line":4,"column":33}},"2":{"start":{"line":8,"column":2},"end":{"line":12,"column":5}},"3":{"start":{"line":16,"column":2},"end":{"line":23,"column":5}},"4":{"start":{"line":26,"column":0},"end":{"line":30,"column":2}}},"fnMap":{"0":{"name":"listHotels","decl":{"start":{"line":3,"column":15},"end":{"line":3,"column":25}},"loc":{"start":{"line":3,"column":25},"end":{"line":5,"column":1}}},"1":{"name":"findHotel","decl":{"start":{"line":7,"column":15},"end":{"line":7,"column":24}},"loc":{"start":{"line":7,"column":40},"end":{"line":13,"column":1}}},"2":{"name":"listHotelRooms","decl":{"start":{"line":15,"column":15},"end":{"line":15,"column":29}},"loc":{"start":{"line":15,"column":45},"end":{"line":24,"column":1}}}},"branchMap":{},"s":{"0":11,"1":2,"2":2,"3":1,"4":11},"f":{"0":2,"1":2,"2":1},"b":{}}
,"/home/votleita/Projects/drivent1-ref-initial/src/repositories/payment-repository/index.ts": {"path":"/home/votleita/Projects/drivent1-ref-initial/src/repositories/payment-repository/index.ts","statementMap":{"0":{"start":{"line":1,"column":0},"end":{"line":1,"column":34}},"1":{"start":{"line":5,"column":2},"end":{"line":9,"column":5}},"2":{"start":{"line":12,"column":2},"end":{"line":16,"column":5}},"3":{"start":{"line":22,"column":2},"end":{"line":33,"column":5}},"4":{"start":{"line":37,"column":2},"end":{"line":41,"column":5}},"5":{"start":{"line":45,"column":2},"end":{"line":52,"column":5}},"6":{"start":{"line":56,"column":2},"end":{"line":61,"column":5}},"7":{"start":{"line":66,"column":26},"end":{"line":73,"column":2}},"8":{"start":{"line":75,"column":0},"end":{"line":75,"column":33}}},"fnMap":{"0":{"name":"findFirst","decl":{"start":{"line":4,"column":15},"end":{"line":4,"column":24}},"loc":{"start":{"line":4,"column":41},"end":{"line":10,"column":1}}},"1":{"name":"findTicket","decl":{"start":{"line":11,"column":15},"end":{"line":11,"column":25}},"loc":{"start":{"line":11,"column":42},"end":{"line":17,"column":1}}},"2":{"name":"findTicketOwner","decl":{"start":{"line":19,"column":15},"end":{"line":19,"column":30}},"loc":{"start":{"line":19,"column":89},"end":{"line":34,"column":1}}},"3":{"name":"findTicketType","decl":{"start":{"line":36,"column":15},"end":{"line":36,"column":29}},"loc":{"start":{"line":36,"column":49},"end":{"line":42,"column":1}}},"4":{"name":"makeTicketPayment","decl":{"start":{"line":44,"column":15},"end":{"line":44,"column":32}},"loc":{"start":{"line":44,"column":99},"end":{"line":53,"column":1}}},"5":{"name":"updateTciketPaymentStatus","decl":{"start":{"line":55,"column":15},"end":{"line":55,"column":40}},"loc":{"start":{"line":55,"column":57},"end":{"line":62,"column":1}}}},"branchMap":{},"s":{"0":11,"1":1,"2":8,"3":6,"4":3,"5":3,"6":3,"7":11,"8":11},"f":{"0":1,"1":8,"2":6,"3":3,"4":3,"5":3},"b":{}}
,"/home/votleita/Projects/drivent1-ref-initial/src/repositories/payments-repository/index.ts": {"path":"/home/votleita/Projects/drivent1-ref-initial/src/repositories/payments-repository/index.ts","statementMap":{"0":{"start":{"line":1,"column":0},"end":{"line":1,"column":34}},"1":{"start":{"line":5,"column":2},"end":{"line":9,"column":5}},"2":{"start":{"line":13,"column":2},"end":{"line":18,"column":5}},"3":{"start":{"line":21,"column":0},"end":{"line":21,"column":56}}},"fnMap":{"0":{"name":"findPaymentByTicketId","decl":{"start":{"line":4,"column":15},"end":{"line":4,"column":36}},"loc":{"start":{"line":4,"column":53},"end":{"line":10,"column":1}}},"1":{"name":"createPayment","decl":{"start":{"line":12,"column":15},"end":{"line":12,"column":28}},"loc":{"start":{"line":12,"column":68},"end":{"line":19,"column":1}}}},"branchMap":{},"s":{"0":0,"1":0,"2":0,"3":0},"f":{"0":0,"1":0},"b":{}}
,"/home/votleita/Projects/drivent1-ref-initial/src/repositories/session-repository/index.ts": {"path":"/home/votleita/Projects/drivent1-ref-initial/src/repositories/session-repository/index.ts","statementMap":{"0":{"start":{"line":2,"column":0},"end":{"line":2,"column":34}},"1":{"start":{"line":5,"column":2},"end":{"line":7,"column":5}},"2":{"start":{"line":10,"column":26},"end":{"line":12,"column":2}},"3":{"start":{"line":14,"column":0},"end":{"line":14,"column":33}}},"fnMap":{"0":{"name":"create","decl":{"start":{"line":4,"column":15},"end":{"line":4,"column":21}},"loc":{"start":{"line":4,"column":62},"end":{"line":8,"column":1}}}},"branchMap":{},"s":{"0":11,"1":5,"2":11,"3":11},"f":{"0":5},"b":{}}
,"/home/votleita/Projects/drivent1-ref-initial/src/repositories/ticket-repository/index.ts": {"path":"/home/votleita/Projects/drivent1-ref-initial/src/repositories/ticket-repository/index.ts","statementMap":{"0":{"start":{"line":1,"column":0},"end":{"line":1,"column":34}},"1":{"start":{"line":5,"column":2},"end":{"line":5,"column":44}},"2":{"start":{"line":9,"column":2},"end":{"line":20,"column":5}},"3":{"start":{"line":24,"column":2},"end":{"line":33,"column":5}},"4":{"start":{"line":37,"column":2},"end":{"line":44,"column":5}},"5":{"start":{"line":48,"column":2},"end":{"line":52,"column":5}},"6":{"start":{"line":55,"column":25},"end":{"line":61,"column":2}},"7":{"start":{"line":63,"column":0},"end":{"line":63,"column":32}}},"fnMap":{"0":{"name":"selectAllTicketTypes","decl":{"start":{"line":4,"column":15},"end":{"line":4,"column":35}},"loc":{"start":{"line":4,"column":35},"end":{"line":6,"column":1}}},"1":{"name":"findUserTickets","decl":{"start":{"line":8,"column":15},"end":{"line":8,"column":30}},"loc":{"start":{"line":8,"column":45},"end":{"line":21,"column":1}}},"2":{"name":"createNewTicket","decl":{"start":{"line":23,"column":15},"end":{"line":23,"column":30}},"loc":{"start":{"line":23,"column":109},"end":{"line":34,"column":1}}},"3":{"name":"findUserEnrrolment","decl":{"start":{"line":36,"column":15},"end":{"line":36,"column":33}},"loc":{"start":{"line":36,"column":48},"end":{"line":45,"column":1}}},"4":{"name":"findTicketType","decl":{"start":{"line":47,"column":15},"end":{"line":47,"column":29}},"loc":{"start":{"line":47,"column":49},"end":{"line":53,"column":1}}}},"branchMap":{},"s":{"0":11,"1":2,"2":24,"3":2,"4":29,"5":0,"6":11,"7":11},"f":{"0":2,"1":24,"2":2,"3":29,"4":0},"b":{}}
,"/home/votleita/Projects/drivent1-ref-initial/src/repositories/user-repository/index.ts": {"path":"/home/votleita/Projects/drivent1-ref-initial/src/repositories/user-repository/index.ts","statementMap":{"0":{"start":{"line":2,"column":0},"end":{"line":2,"column":34}},"1":{"start":{"line":5,"column":44},"end":{"line":9,"column":4}},"2":{"start":{"line":11,"column":2},"end":{"line":13,"column":null}},"3":{"start":{"line":12,"column":4},"end":{"line":12,"column":27}},"4":{"start":{"line":15,"column":2},"end":{"line":15,"column":40}},"5":{"start":{"line":19,"column":2},"end":{"line":21,"column":5}},"6":{"start":{"line":24,"column":23},"end":{"line":27,"column":2}},"7":{"start":{"line":29,"column":0},"end":{"line":29,"column":30}}},"fnMap":{"0":{"name":"findByEmail","decl":{"start":{"line":4,"column":15},"end":{"line":4,"column":26}},"loc":{"start":{"line":4,"column":68},"end":{"line":16,"column":1}}},"1":{"name":"create","decl":{"start":{"line":18,"column":15},"end":{"line":18,"column":21}},"loc":{"start":{"line":18,"column":59},"end":{"line":22,"column":1}}}},"branchMap":{"0":{"loc":{"start":{"line":11,"column":2},"end":{"line":13,"column":null}},"type":"if","locations":[{"start":{"line":11,"column":2},"end":{"line":13,"column":null}}]}},"s":{"0":11,"1":16,"2":16,"3":9,"4":16,"5":5,"6":11,"7":11},"f":{"0":16,"1":5},"b":{"0":[9]}}
,"/home/votleita/Projects/drivent1-ref-initial/src/routers/authentication-router.ts": {"path":"/home/votleita/Projects/drivent1-ref-initial/src/routers/authentication-router.ts","statementMap":{"0":{"start":{"line":1,"column":0},"end":{"line":1,"column":33}},"1":{"start":{"line":2,"column":0},"end":{"line":2,"column":43}},"2":{"start":{"line":3,"column":0},"end":{"line":3,"column":45}},"3":{"start":{"line":4,"column":0},"end":{"line":4,"column":41}},"4":{"start":{"line":6,"column":29},"end":{"line":6,"column":37}},"5":{"start":{"line":10,"column":9},"end":{"line":10,"column":29}},"6":{"start":{"line":8,"column":0},"end":{"line":8,"column":78}}},"fnMap":{},"branchMap":{},"s":{"0":11,"1":11,"2":11,"3":11,"4":11,"5":11,"6":11},"f":{},"b":{}}
,"/home/votleita/Projects/drivent1-ref-initial/src/routers/booking-router.ts": {"path":"/home/votleita/Projects/drivent1-ref-initial/src/routers/booking-router.ts","statementMap":{"0":{"start":{"line":1,"column":0},"end":{"line":1,"column":33}},"1":{"start":{"line":2,"column":0},"end":{"line":2,"column":50}},"2":{"start":{"line":3,"column":0},"end":{"line":3,"column":102}},"3":{"start":{"line":5,"column":22},"end":{"line":5,"column":30}},"4":{"start":{"line":13,"column":9},"end":{"line":13,"column":22}},"5":{"start":{"line":7,"column":0},"end":{"line":11,"column":37}}},"fnMap":{},"branchMap":{},"s":{"0":11,"1":11,"2":11,"3":11,"4":11,"5":11},"f":{},"b":{}}
,"/home/votleita/Projects/drivent1-ref-initial/src/routers/enrollments-router.ts": {"path":"/home/votleita/Projects/drivent1-ref-initial/src/routers/enrollments-router.ts","statementMap":{"0":{"start":{"line":1,"column":0},"end":{"line":1,"column":33}},"1":{"start":{"line":2,"column":0},"end":{"line":2,"column":79}},"2":{"start":{"line":3,"column":0},"end":{"line":3,"column":101}},"3":{"start":{"line":4,"column":0},"end":{"line":4,"column":78}},"4":{"start":{"line":6,"column":26},"end":{"line":6,"column":34}},"5":{"start":{"line":14,"column":9},"end":{"line":14,"column":26}},"6":{"start":{"line":8,"column":0},"end":{"line":12,"column":81}}},"fnMap":{},"branchMap":{},"s":{"0":11,"1":11,"2":11,"3":11,"4":11,"5":11,"6":11},"f":{},"b":{}}
,"/home/votleita/Projects/drivent1-ref-initial/src/routers/events-router.ts": {"path":"/home/votleita/Projects/drivent1-ref-initial/src/routers/events-router.ts","statementMap":{"0":{"start":{"line":1,"column":0},"end":{"line":1,"column":33}},"1":{"start":{"line":2,"column":0},"end":{"line":2,"column":48}},"2":{"start":{"line":4,"column":21},"end":{"line":4,"column":29}},"3":{"start":{"line":8,"column":9},"end":{"line":8,"column":21}},"4":{"start":{"line":6,"column":0},"end":{"line":6,"column":39}}},"fnMap":{},"branchMap":{},"s":{"0":11,"1":11,"2":11,"3":11,"4":11},"f":{},"b":{}}
,"/home/votleita/Projects/drivent1-ref-initial/src/routers/hotels-router.ts": {"path":"/home/votleita/Projects/drivent1-ref-initial/src/routers/hotels-router.ts","statementMap":{"0":{"start":{"line":1,"column":0},"end":{"line":1,"column":33}},"1":{"start":{"line":2,"column":0},"end":{"line":2,"column":66}},"2":{"start":{"line":3,"column":0},"end":{"line":3,"column":73}},"3":{"start":{"line":4,"column":0},"end":{"line":4,"column":60}},"4":{"start":{"line":6,"column":21},"end":{"line":6,"column":29}},"5":{"start":{"line":13,"column":9},"end":{"line":13,"column":21}},"6":{"start":{"line":8,"column":0},"end":{"line":11,"column":82}}},"fnMap":{},"branchMap":{},"s":{"0":11,"1":11,"2":11,"3":11,"4":11,"5":11,"6":11},"f":{},"b":{}}
,"/home/votleita/Projects/drivent1-ref-initial/src/routers/index.ts": {"path":"/home/votleita/Projects/drivent1-ref-initial/src/routers/index.ts","statementMap":{"0":{"start":{"line":1,"column":0},"end":{"line":1,"column":31}},"1":{"start":{"line":2,"column":0},"end":{"line":2,"column":40}},"2":{"start":{"line":3,"column":0},"end":{"line":3,"column":32}},"3":{"start":{"line":4,"column":0},"end":{"line":4,"column":37}},"4":{"start":{"line":5,"column":0},"end":{"line":5,"column":34}},"5":{"start":{"line":6,"column":0},"end":{"line":6,"column":33}},"6":{"start":{"line":7,"column":0},"end":{"line":7,"column":32}},"7":{"start":{"line":8,"column":0},"end":{"line":8,"column":33}}},"fnMap":{},"branchMap":{},"s":{"0":11,"1":11,"2":11,"3":11,"4":11,"5":11,"6":11,"7":11},"f":{},"b":{}}
,"/home/votleita/Projects/drivent1-ref-initial/src/routers/payments-router.ts": {"path":"/home/votleita/Projects/drivent1-ref-initial/src/routers/payments-router.ts","statementMap":{"0":{"start":{"line":1,"column":0},"end":{"line":1,"column":33}},"1":{"start":{"line":2,"column":0},"end":{"line":2,"column":72}},"2":{"start":{"line":3,"column":0},"end":{"line":3,"column":79}},"3":{"start":{"line":4,"column":0},"end":{"line":4,"column":96}},"4":{"start":{"line":6,"column":23},"end":{"line":6,"column":31}},"5":{"start":{"line":13,"column":9},"end":{"line":13,"column":23}},"6":{"start":{"line":8,"column":0},"end":{"line":11,"column":73}}},"fnMap":{},"branchMap":{},"s":{"0":11,"1":11,"2":11,"3":11,"4":11,"5":11,"6":11},"f":{},"b":{}}
,"/home/votleita/Projects/drivent1-ref-initial/src/routers/tickets-router.ts": {"path":"/home/votleita/Projects/drivent1-ref-initial/src/routers/tickets-router.ts","statementMap":{"0":{"start":{"line":1,"column":0},"end":{"line":1,"column":33}},"1":{"start":{"line":2,"column":0},"end":{"line":2,"column":64}},"2":{"start":{"line":3,"column":0},"end":{"line":3,"column":82}},"3":{"start":{"line":4,"column":0},"end":{"line":4,"column":67}},"4":{"start":{"line":6,"column":22},"end":{"line":6,"column":30}},"5":{"start":{"line":14,"column":9},"end":{"line":14,"column":22}},"6":{"start":{"line":8,"column":0},"end":{"line":12,"column":65}}},"fnMap":{},"branchMap":{},"s":{"0":11,"1":11,"2":11,"3":11,"4":11,"5":11,"6":11},"f":{},"b":{}}
,"/home/votleita/Projects/drivent1-ref-initial/src/routers/users-router.ts": {"path":"/home/votleita/Projects/drivent1-ref-initial/src/routers/users-router.ts","statementMap":{"0":{"start":{"line":1,"column":0},"end":{"line":1,"column":33}},"1":{"start":{"line":3,"column":0},"end":{"line":3,"column":45}},"2":{"start":{"line":4,"column":0},"end":{"line":4,"column":45}},"3":{"start":{"line":5,"column":0},"end":{"line":5,"column":42}},"4":{"start":{"line":7,"column":20},"end":{"line":7,"column":28}},"5":{"start":{"line":11,"column":9},"end":{"line":11,"column":20}},"6":{"start":{"line":9,"column":0},"end":{"line":9,"column":65}}},"fnMap":{},"branchMap":{},"s":{"0":11,"1":11,"2":11,"3":11,"4":11,"5":11,"6":11},"f":{},"b":{}}
,"/home/votleita/Projects/drivent1-ref-initial/src/schemas/authentication-schemas.ts": {"path":"/home/votleita/Projects/drivent1-ref-initial/src/schemas/authentication-schemas.ts","statementMap":{"0":{"start":{"line":1,"column":0},"end":{"line":1,"column":22}},"1":{"start":{"line":4,"column":13},"end":{"line":7,"column":3}}},"fnMap":{},"branchMap":{},"s":{"0":14,"1":14},"f":{},"b":{}}
,"/home/votleita/Projects/drivent1-ref-initial/src/schemas/enrollments-schemas.ts": {"path":"/home/votleita/Projects/drivent1-ref-initial/src/schemas/enrollments-schemas.ts","statementMap":{"0":{"start":{"line":1,"column":0},"end":{"line":1,"column":105}},"1":{"start":{"line":2,"column":0},"end":{"line":2,"column":22}},"2":{"start":{"line":5,"column":28},"end":{"line":5,"column":87}},"3":{"start":{"line":7,"column":28},"end":{"line":7,"column":86}},"4":{"start":{"line":9,"column":36},"end":{"line":9,"column":108}},"5":{"start":{"line":11,"column":13},"end":{"line":28,"column":3}},"6":{"start":{"line":23,"column":39},"end":{"line":23,"column":45}},"7":{"start":{"line":30,"column":13},"end":{"line":32,"column":3}},"8":{"start":{"line":35,"column":2},"end":{"line":35,"column":27}},"9":{"start":{"line":35,"column":14},"end":{"line":35,"column":27}},"10":{"start":{"line":37,"column":2},"end":{"line":39,"column":null}},"11":{"start":{"line":38,"column":4},"end":{"line":38,"column":40}},"12":{"start":{"line":41,"column":2},"end":{"line":41,"column":15}},"13":{"start":{"line":45,"column":2},"end":{"line":45,"column":27}},"14":{"start":{"line":45,"column":14},"end":{"line":45,"column":27}},"15":{"start":{"line":47,"column":2},"end":{"line":49,"column":null}},"16":{"start":{"line":48,"column":4},"end":{"line":48,"column":40}},"17":{"start":{"line":51,"column":2},"end":{"line":51,"column":15}},"18":{"start":{"line":55,"column":2},"end":{"line":55,"column":27}},"19":{"start":{"line":55,"column":14},"end":{"line":55,"column":27}},"20":{"start":{"line":57,"column":2},"end":{"line":59,"column":null}},"21":{"start":{"line":58,"column":4},"end":{"line":58,"column":40}},"22":{"start":{"line":61,"column":2},"end":{"line":61,"column":15}}},"fnMap":{"0":{"name":"(anonymous_1)","decl":{"start":{"line":23,"column":32},"end":{"line":23,"column":33}},"loc":{"start":{"line":23,"column":39},"end":{"line":23,"column":45}}},"1":{"name":"joiCpfValidation","decl":{"start":{"line":34,"column":9},"end":{"line":34,"column":25}},"loc":{"start":{"line":34,"column":75},"end":{"line":42,"column":1}}},"2":{"name":"JoiCepValidation","decl":{"start":{"line":44,"column":9},"end":{"line":44,"column":25}},"loc":{"start":{"line":44,"column":75},"end":{"line":52,"column":1}}},"3":{"name":"joiMobilePhoneValidation","decl":{"start":{"line":54,"column":9},"end":{"line":54,"column":33}},"loc":{"start":{"line":54,"column":83},"end":{"line":62,"column":1}}}},"branchMap":{"0":{"loc":{"start":{"line":35,"column":2},"end":{"line":35,"column":27}},"type":"if","locations":[{"start":{"line":35,"column":2},"end":{"line":35,"column":27}}]},"1":{"loc":{"start":{"line":37,"column":2},"end":{"line":39,"column":null}},"type":"if","locations":[{"start":{"line":37,"column":2},"end":{"line":39,"column":null}}]},"2":{"loc":{"start":{"line":45,"column":2},"end":{"line":45,"column":27}},"type":"if","locations":[{"start":{"line":45,"column":2},"end":{"line":45,"column":27}}]},"3":{"loc":{"start":{"line":47,"column":2},"end":{"line":49,"column":null}},"type":"if","locations":[{"start":{"line":47,"column":2},"end":{"line":49,"column":null}}]},"4":{"loc":{"start":{"line":55,"column":2},"end":{"line":55,"column":27}},"type":"if","locations":[{"start":{"line":55,"column":2},"end":{"line":55,"column":27}}]},"5":{"loc":{"start":{"line":57,"column":2},"end":{"line":59,"column":null}},"type":"if","locations":[{"start":{"line":57,"column":2},"end":{"line":59,"column":null}}]}},"s":{"0":14,"1":14,"2":14,"3":14,"4":14,"5":14,"6":378,"7":14,"8":29,"9":0,"10":29,"11":1,"12":28,"13":21,"14":0,"15":21,"16":2,"17":19,"18":23,"19":0,"20":23,"21":0,"22":23},"f":{"0":378,"1":29,"2":21,"3":23},"b":{"0":[0],"1":[1],"2":[0],"3":[2],"4":[0],"5":[0]}}
,"/home/votleita/Projects/drivent1-ref-initial/src/schemas/hotels-schemas.ts": {"path":"/home/votleita/Projects/drivent1-ref-initial/src/schemas/hotels-schemas.ts","statementMap":{"0":{"start":{"line":1,"column":0},"end":{"line":1,"column":63}},"1":{"start":{"line":2,"column":0},"end":{"line":2,"column":22}},"2":{"start":{"line":4,"column":13},"end":{"line":6,"column":3}},"3":{"start":{"line":9,"column":2},"end":{"line":9,"column":27}},"4":{"start":{"line":9,"column":14},"end":{"line":9,"column":27}},"5":{"start":{"line":11,"column":2},"end":{"line":13,"column":null}},"6":{"start":{"line":12,"column":4},"end":{"line":12,"column":40}},"7":{"start":{"line":15,"column":2},"end":{"line":15,"column":15}}},"fnMap":{"0":{"name":"joiNumberValidation","decl":{"start":{"line":8,"column":9},"end":{"line":8,"column":28}},"loc":{"start":{"line":8,"column":78},"end":{"line":16,"column":1}}}},"branchMap":{"0":{"loc":{"start":{"line":9,"column":2},"end":{"line":9,"column":27}},"type":"if","locations":[{"start":{"line":9,"column":2},"end":{"line":9,"column":27}}]},"1":{"loc":{"start":{"line":11,"column":2},"end":{"line":13,"column":null}},"type":"if","locations":[{"start":{"line":11,"column":2},"end":{"line":13,"column":null}}]}},"s":{"0":11,"1":11,"2":11,"3":5,"4":0,"5":5,"6":0,"7":5},"f":{"0":5},"b":{"0":[0],"1":[0]}}
,"/home/votleita/Projects/drivent1-ref-initial/src/schemas/index.ts": {"path":"/home/votleita/Projects/drivent1-ref-initial/src/schemas/index.ts","statementMap":{"0":{"start":{"line":1,"column":0},"end":{"line":1,"column":32}},"1":{"start":{"line":2,"column":0},"end":{"line":2,"column":41}},"2":{"start":{"line":3,"column":0},"end":{"line":3,"column":38}},"3":{"start":{"line":4,"column":0},"end":{"line":4,"column":35}}},"fnMap":{},"branchMap":{},"s":{"0":14,"1":14,"2":14,"3":14},"f":{},"b":{}}
,"/home/votleita/Projects/drivent1-ref-initial/src/schemas/payments-schemas.ts": {"path":"/home/votleita/Projects/drivent1-ref-initial/src/schemas/payments-schemas.ts","statementMap":{"0":{"start":{"line":1,"column":0},"end":{"line":1,"column":63}},"1":{"start":{"line":2,"column":0},"end":{"line":2,"column":22}},"2":{"start":{"line":4,"column":13},"end":{"line":6,"column":3}},"3":{"start":{"line":8,"column":21},"end":{"line":14,"column":2}},"4":{"start":{"line":16,"column":13},"end":{"line":19,"column":3}},"5":{"start":{"line":22,"column":2},"end":{"line":22,"column":27}},"6":{"start":{"line":22,"column":14},"end":{"line":22,"column":27}},"7":{"start":{"line":24,"column":2},"end":{"line":26,"column":null}},"8":{"start":{"line":25,"column":4},"end":{"line":25,"column":40}},"9":{"start":{"line":28,"column":2},"end":{"line":28,"column":15}}},"fnMap":{"0":{"name":"joiNumberValidation","decl":{"start":{"line":21,"column":9},"end":{"line":21,"column":28}},"loc":{"start":{"line":21,"column":78},"end":{"line":29,"column":1}}}},"branchMap":{"0":{"loc":{"start":{"line":22,"column":2},"end":{"line":22,"column":27}},"type":"if","locations":[{"start":{"line":22,"column":2},"end":{"line":22,"column":27}}]},"1":{"loc":{"start":{"line":24,"column":2},"end":{"line":26,"column":null}},"type":"if","locations":[{"start":{"line":24,"column":2},"end":{"line":26,"column":null}}]}},"s":{"0":14,"1":14,"2":14,"3":14,"4":14,"5":3,"6":0,"7":3,"8":0,"9":3},"f":{"0":3},"b":{"0":[0],"1":[0]}}
,"/home/votleita/Projects/drivent1-ref-initial/src/schemas/tickets-schemas.ts": {"path":"/home/votleita/Projects/drivent1-ref-initial/src/schemas/tickets-schemas.ts","statementMap":{"0":{"start":{"line":1,"column":0},"end":{"line":1,"column":22}},"1":{"start":{"line":3,"column":13},"end":{"line":5,"column":3}}},"fnMap":{},"branchMap":{},"s":{"0":11,"1":11},"f":{},"b":{}}
,"/home/votleita/Projects/drivent1-ref-initial/src/schemas/users-schemas.ts": {"path":"/home/votleita/Projects/drivent1-ref-initial/src/schemas/users-schemas.ts","statementMap":{"0":{"start":{"line":1,"column":0},"end":{"line":1,"column":22}},"1":{"start":{"line":4,"column":13},"end":{"line":7,"column":3}}},"fnMap":{},"branchMap":{},"s":{"0":14,"1":14},"f":{},"b":{}}
,"/home/votleita/Projects/drivent1-ref-initial/src/services/index.ts": {"path":"/home/votleita/Projects/drivent1-ref-initial/src/services/index.ts","statementMap":{"0":{"start":{"line":1,"column":0},"end":{"line":1,"column":32}},"1":{"start":{"line":2,"column":0},"end":{"line":2,"column":41}},"2":{"start":{"line":3,"column":0},"end":{"line":3,"column":33}},"3":{"start":{"line":4,"column":0},"end":{"line":4,"column":38}},"4":{"start":{"line":5,"column":0},"end":{"line":5,"column":35}},"5":{"start":{"line":6,"column":0},"end":{"line":6,"column":33}},"6":{"start":{"line":7,"column":0},"end":{"line":7,"column":34}}},"fnMap":{},"branchMap":{},"s":{"0":11,"1":11,"2":11,"3":11,"4":11,"5":11,"6":11},"f":{},"b":{}}
,"/home/votleita/Projects/drivent1-ref-initial/src/services/authentication-service/errors.ts": {"path":"/home/votleita/Projects/drivent1-ref-initial/src/services/authentication-service/errors.ts","statementMap":{"0":{"start":{"line":4,"column":2},"end":{"line":7,"column":4}},"1":{"start":{"line":3,"column":0},"end":{"line":3,"column":16}}},"fnMap":{"0":{"name":"invalidCredentialsError","decl":{"start":{"line":3,"column":16},"end":{"line":3,"column":39}},"loc":{"start":{"line":3,"column":39},"end":{"line":8,"column":1}}}},"branchMap":{},"s":{"0":6,"1":11},"f":{"0":6},"b":{}}
,"/home/votleita/Projects/drivent1-ref-initial/src/services/authentication-service/index.ts": {"path":"/home/votleita/Projects/drivent1-ref-initial/src/services/authentication-service/index.ts","statementMap":{"0":{"start":{"line":2,"column":0},"end":{"line":2,"column":28}},"1":{"start":{"line":3,"column":0},"end":{"line":3,"column":31}},"2":{"start":{"line":4,"column":0},"end":{"line":4,"column":51}},"3":{"start":{"line":5,"column":0},"end":{"line":5,"column":47}},"4":{"start":{"line":6,"column":0},"end":{"line":6,"column":60}},"5":{"start":{"line":7,"column":0},"end":{"line":7,"column":66}},"6":{"start":{"line":10,"column":30},"end":{"line":10,"column":36}},"7":{"start":{"line":12,"column":15},"end":{"line":12,"column":41}},"8":{"start":{"line":14,"column":2},"end":{"line":14,"column":56}},"9":{"start":{"line":16,"column":16},"end":{"line":16,"column":44}},"10":{"start":{"line":18,"column":2},"end":{"line":21,"column":4}},"11":{"start":{"line":25,"column":15},"end":{"line":25,"column":97}},"12":{"start":{"line":26,"column":2},"end":{"line":26,"column":45}},"13":{"start":{"line":26,"column":13},"end":{"line":26,"column":45}},"14":{"start":{"line":28,"column":2},"end":{"line":28,"column":14}},"15":{"start":{"line":32,"column":16},"end":{"line":32,"column":60}},"16":{"start":{"line":33,"column":2},"end":{"line":36,"column":5}},"17":{"start":{"line":38,"column":2},"end":{"line":38,"column":15}},"18":{"start":{"line":42,"column":26},"end":{"line":42,"column":70}},"19":{"start":{"line":43,"column":2},"end":{"line":43,"column":56}},"20":{"start":{"line":43,"column":24},"end":{"line":43,"column":56}},"21":{"start":{"line":55,"column":30},"end":{"line":57,"column":2}},"22":{"start":{"line":59,"column":0},"end":{"line":59,"column":37}},"23":{"start":{"line":60,"column":0},"end":{"line":60,"column":25}}},"fnMap":{"0":{"name":"signIn","decl":{"start":{"line":9,"column":15},"end":{"line":9,"column":21}},"loc":{"start":{"line":9,"column":42},"end":{"line":22,"column":1}}},"1":{"name":"getUserOrFail","decl":{"start":{"line":24,"column":15},"end":{"line":24,"column":28}},"loc":{"start":{"line":24,"column":42},"end":{"line":29,"column":1}}},"2":{"name":"createSession","decl":{"start":{"line":31,"column":15},"end":{"line":31,"column":28}},"loc":{"start":{"line":31,"column":43},"end":{"line":39,"column":1}}},"3":{"name":"validatePasswordOrFail","decl":{"start":{"line":41,"column":15},"end":{"line":41,"column":37}},"loc":{"start":{"line":41,"column":76},"end":{"line":44,"column":1}}}},"branchMap":{"0":{"loc":{"start":{"line":26,"column":2},"end":{"line":26,"column":45}},"type":"if","locations":[{"start":{"line":26,"column":2},"end":{"line":26,"column":45}}]},"1":{"loc":{"start":{"line":43,"column":2},"end":{"line":43,"column":56}},"type":"if","locations":[{"start":{"line":43,"column":2},"end":{"line":43,"column":56}}]}},"s":{"0":11,"1":11,"2":11,"3":11,"4":11,"5":11,"6":9,"7":9,"8":7,"9":5,"10":5,"11":9,"12":9,"13":2,"14":7,"15":5,"16":5,"17":5,"18":7,"19":7,"20":2,"21":11,"22":11,"23":11},"f":{"0":9,"1":9,"2":5,"3":7},"b":{"0":[2],"1":[2]}}
,"/home/votleita/Projects/drivent1-ref-initial/src/services/booking-service/index.ts": {"path":"/home/votleita/Projects/drivent1-ref-initial/src/services/booking-service/index.ts","statementMap":{"0":{"start":{"line":1,"column":0},"end":{"line":1,"column":61}},"1":{"start":{"line":2,"column":0},"end":{"line":2,"column":66}},"2":{"start":{"line":3,"column":0},"end":{"line":3,"column":64}},"3":{"start":{"line":6,"column":22},"end":{"line":6,"column":69}},"4":{"start":{"line":7,"column":2},"end":{"line":7,"column":42}},"5":{"start":{"line":7,"column":20},"end":{"line":7,"column":42}},"6":{"start":{"line":8,"column":2},"end":{"line":8,"column":21}},"7":{"start":{"line":12,"column":15},"end":{"line":12,"column":53}},"8":{"start":{"line":14,"column":18},"end":{"line":14,"column":72}},"9":{"start":{"line":15,"column":2},"end":{"line":15,"column":20}},"10":{"start":{"line":19,"column":15},"end":{"line":19,"column":53}},"11":{"start":{"line":21,"column":22},"end":{"line":21,"column":69}},"12":{"start":{"line":22,"column":2},"end":{"line":22,"column":47}},"13":{"start":{"line":22,"column":20},"end":{"line":22,"column":47}},"14":{"start":{"line":24,"column":18},"end":{"line":24,"column":83}},"15":{"start":{"line":25,"column":2},"end":{"line":25,"column":20}},"16":{"start":{"line":28,"column":23},"end":{"line":32,"column":2}},"17":{"start":{"line":34,"column":0},"end":{"line":34,"column":30}},"18":{"start":{"line":37,"column":15},"end":{"line":37,"column":55}},"19":{"start":{"line":38,"column":2},"end":{"line":38,"column":35}},"20":{"start":{"line":38,"column":13},"end":{"line":38,"column":35}},"21":{"start":{"line":40,"column":25},"end":{"line":40,"column":74}},"22":{"start":{"line":41,"column":2},"end":{"line":41,"column":45}},"23":{"start":{"line":41,"column":23},"end":{"line":41,"column":45}},"24":{"start":{"line":45,"column":6},"end":{"line":45,"column":52}},"25":{"start":{"line":46,"column":2},"end":{"line":47,"column":31}},"26":{"start":{"line":47,"column":4},"end":{"line":47,"column":31}},"27":{"start":{"line":49,"column":21},"end":{"line":49,"column":67}},"28":{"start":{"line":50,"column":2},"end":{"line":50,"column":45}},"29":{"start":{"line":50,"column":18},"end":{"line":50,"column":45}},"30":{"start":{"line":52,"column":2},"end":{"line":52,"column":14}}},"fnMap":{"0":{"name":"userBookingData","decl":{"start":{"line":5,"column":15},"end":{"line":5,"column":30}},"loc":{"start":{"line":5,"column":45},"end":{"line":9,"column":1}}},"1":{"name":"registerNewBooking","decl":{"start":{"line":11,"column":15},"end":{"line":11,"column":33}},"loc":{"start":{"line":11,"column":64},"end":{"line":16,"column":1}}},"2":{"name":"changeBookingRoom","decl":{"start":{"line":18,"column":15},"end":{"line":18,"column":32}},"loc":{"start":{"line":18,"column":82},"end":{"line":26,"column":1}}},"3":{"name":"validateUserData","decl":{"start":{"line":36,"column":15},"end":{"line":36,"column":31}},"loc":{"start":{"line":36,"column":62},"end":{"line":53,"column":1}}}},"branchMap":{"0":{"loc":{"start":{"line":7,"column":2},"end":{"line":7,"column":42}},"type":"if","locations":[{"start":{"line":7,"column":2},"end":{"line":7,"column":42}}]},"1":{"loc":{"start":{"line":22,"column":2},"end":{"line":22,"column":47}},"type":"if","locations":[{"start":{"line":22,"column":2},"end":{"line":22,"column":47}}]},"2":{"loc":{"start":{"line":38,"column":2},"end":{"line":38,"column":35}},"type":"if","locations":[{"start":{"line":38,"column":2},"end":{"line":38,"column":35}}]},"3":{"loc":{"start":{"line":41,"column":2},"end":{"line":41,"column":45}},"type":"if","locations":[{"start":{"line":41,"column":2},"end":{"line":41,"column":45}}]},"4":{"loc":{"start":{"line":46,"column":2},"end":{"line":47,"column":31}},"type":"if","locations":[{"start":{"line":46,"column":2},"end":{"line":47,"column":31}}]},"5":{"loc":{"start":{"line":46,"column":6},"end":{"line":46,"column":107}},"type":"binary-expr","locations":[{"start":{"line":46,"column":6},"end":{"line":46,"column":13}},{"start":{"line":46,"column":17},"end":{"line":46,"column":49}},{"start":{"line":46,"column":53},"end":{"line":46,"column":79}},{"start":{"line":46,"column":83},"end":{"line":46,"column":107}}]},"6":{"loc":{"start":{"line":50,"column":2},"end":{"line":50,"column":45}},"type":"if","locations":[{"start":{"line":50,"column":2},"end":{"line":50,"column":45}}]}},"s":{"0":11,"1":11,"2":11,"3":2,"4":2,"5":1,"6":1,"7":6,"8":1,"9":1,"10":7,"11":2,"12":2,"13":1,"14":1,"15":1,"16":11,"17":11,"18":13,"19":13,"20":2,"21":11,"22":11,"23":0,"24":11,"25":11,"26":6,"27":5,"28":5,"29":2,"30":3},"f":{"0":2,"1":6,"2":7,"3":13},"b":{"0":[1],"1":[1],"2":[2],"3":[0],"4":[6],"5":[11,11,9,7],"6":[2]}}
,"/home/votleita/Projects/drivent1-ref-initial/src/services/enrollments-service/index.ts": {"path":"/home/votleita/Projects/drivent1-ref-initial/src/services/enrollments-service/index.ts","statementMap":{"0":{"start":{"line":2,"column":0},"end":{"line":2,"column":42}},"1":{"start":{"line":3,"column":0},"end":{"line":3,"column":59}},"2":{"start":{"line":4,"column":0},"end":{"line":4,"column":91}},"3":{"start":{"line":5,"column":0},"end":{"line":5,"column":100}},"4":{"start":{"line":6,"column":0},"end":{"line":6,"column":47}},"5":{"start":{"line":10,"column":17},"end":{"line":10,"column":77}},"6":{"start":{"line":12,"column":2},"end":{"line":14,"column":null}},"7":{"start":{"line":13,"column":4},"end":{"line":13,"column":26}},"8":{"start":{"line":16,"column":62},"end":{"line":16,"column":73}},"9":{"start":{"line":18,"column":37},"end":{"line":24,"column":4}},"10":{"start":{"line":26,"column":2},"end":{"line":26,"column":17}},"11":{"start":{"line":32,"column":32},"end":{"line":32,"column":90}},"12":{"start":{"line":34,"column":2},"end":{"line":34,"column":52}},"13":{"start":{"line":34,"column":30},"end":{"line":34,"column":52}},"14":{"start":{"line":36,"column":25},"end":{"line":36,"column":54}},"15":{"start":{"line":37,"column":18},"end":{"line":37,"column":47}},"16":{"start":{"line":39,"column":2},"end":{"line":42,"column":4}},"17":{"start":{"line":48,"column":2},"end":{"line":48,"column":33}},"18":{"start":{"line":48,"column":21},"end":{"line":48,"column":33}},"19":{"start":{"line":50,"column":2},"end":{"line":50,"column":73}},"20":{"start":{"line":56,"column":21},"end":{"line":56,"column":47}},"21":{"start":{"line":57,"column":18},"end":{"line":57,"column":53}},"22":{"start":{"line":59,"column":2},"end":{"line":63,"column":null}},"23":{"start":{"line":60,"column":4},"end":{"line":60,"column":41}},"24":{"start":{"line":62,"column":4},"end":{"line":62,"column":44}},"25":{"start":{"line":65,"column":24},"end":{"line":65,"column":115}},"26":{"start":{"line":67,"column":2},"end":{"line":67,"column":69}},"27":{"start":{"line":71,"column":2},"end":{"line":74,"column":4}},"28":{"start":{"line":81,"column":27},"end":{"line":85,"column":2}},"29":{"start":{"line":87,"column":0},"end":{"line":87,"column":34}}},"fnMap":{"0":{"name":"getAddressFromCEP","decl":{"start":{"line":9,"column":15},"end":{"line":9,"column":32}},"loc":{"start":{"line":9,"column":44},"end":{"line":27,"column":1}}},"1":{"name":"getOneWithAddressByUserId","decl":{"start":{"line":31,"column":15},"end":{"line":31,"column":40}},"loc":{"start":{"line":31,"column":55},"end":{"line":43,"column":1}}},"2":{"name":"getFirstAddress","decl":{"start":{"line":47,"column":9},"end":{"line":47,"column":24}},"loc":{"start":{"line":47,"column":46},"end":{"line":51,"column":1}}},"3":{"name":"createOrUpdateEnrollmentWithAddress","decl":{"start":{"line":55,"column":15},"end":{"line":55,"column":50}},"loc":{"start":{"line":55,"column":94},"end":{"line":68,"column":1}}},"4":{"name":"getAddressForUpsert","decl":{"start":{"line":70,"column":9},"end":{"line":70,"column":28}},"loc":{"start":{"line":70,"column":57},"end":{"line":75,"column":1}}}},"branchMap":{"0":{"loc":{"start":{"line":12,"column":2},"end":{"line":14,"column":null}},"type":"if","locations":[{"start":{"line":12,"column":2},"end":{"line":14,"column":null}}]},"1":{"loc":{"start":{"line":12,"column":6},"end":{"line":12,"column":38}},"type":"binary-expr","locations":[{"start":{"line":12,"column":6},"end":{"line":12,"column":18}},{"start":{"line":12,"column":22},"end":{"line":12,"column":38}}]},"2":{"loc":{"start":{"line":34,"column":2},"end":{"line":34,"column":52}},"type":"if","locations":[{"start":{"line":34,"column":2},"end":{"line":34,"column":52}}]},"3":{"loc":{"start":{"line":41,"column":8},"end":{"line":41,"column":32}},"type":"binary-expr","locations":[{"start":{"line":41,"column":8},"end":{"line":41,"column":17}},{"start":{"line":41,"column":21},"end":{"line":41,"column":32}}]},"4":{"loc":{"start":{"line":48,"column":2},"end":{"line":48,"column":33}},"type":"if","locations":[{"start":{"line":48,"column":2},"end":{"line":48,"column":33}}]},"5":{"loc":{"start":{"line":73,"column":8},"end":{"line":73,"column":74}},"type":"binary-expr","locations":[{"start":{"line":73,"column":8},"end":{"line":73,"column":30}},{"start":{"line":73,"column":34},"end":{"line":73,"column":74}}]}},"s":{"0":11,"1":11,"2":11,"3":11,"4":11,"5":3,"6":3,"7":0,"8":3,"9":3,"10":3,"11":2,"12":2,"13":1,"14":1,"15":1,"16":1,"17":1,"18":0,"19":1,"20":2,"21":2,"22":2,"23":2,"24":0,"25":2,"26":2,"27":2,"28":11,"29":11},"f":{"0":3,"1":2,"2":1,"3":2,"4":2},"b":{"0":[0],"1":[3,3],"2":[1],"3":[1,1],"4":[0],"5":[2,2]}}
,"/home/votleita/Projects/drivent1-ref-initial/src/services/events-service/index.ts": {"path":"/home/votleita/Projects/drivent1-ref-initial/src/services/events-service/index.ts","statementMap":{"0":{"start":{"line":2,"column":0},"end":{"line":2,"column":26}},"1":{"start":{"line":3,"column":0},"end":{"line":3,"column":41}},"2":{"start":{"line":4,"column":0},"end":{"line":4,"column":62}},"3":{"start":{"line":5,"column":0},"end":{"line":5,"column":47}},"4":{"start":{"line":8,"column":16},"end":{"line":8,"column":49}},"5":{"start":{"line":9,"column":2},"end":{"line":9,"column":36}},"6":{"start":{"line":9,"column":14},"end":{"line":9,"column":36}},"7":{"start":{"line":11,"column":2},"end":{"line":11,"column":50}},"8":{"start":{"line":17,"column":16},"end":{"line":17,"column":49}},"9":{"start":{"line":18,"column":2},"end":{"line":18,"column":27}},"10":{"start":{"line":18,"column":14},"end":{"line":18,"column":27}},"11":{"start":{"line":20,"column":14},"end":{"line":20,"column":21}},"12":{"start":{"line":21,"column":24},"end":{"line":21,"column":45}},"13":{"start":{"line":22,"column":22},"end":{"line":22,"column":41}},"14":{"start":{"line":24,"column":2},"end":{"line":24,"column":65}},"15":{"start":{"line":27,"column":22},"end":{"line":30,"column":2}},"16":{"start":{"line":32,"column":0},"end":{"line":32,"column":29}}},"fnMap":{"0":{"name":"getFirstEvent","decl":{"start":{"line":7,"column":15},"end":{"line":7,"column":28}},"loc":{"start":{"line":7,"column":28},"end":{"line":12,"column":1}}},"1":{"name":"isCurrentEventActive","decl":{"start":{"line":16,"column":15},"end":{"line":16,"column":35}},"loc":{"start":{"line":16,"column":35},"end":{"line":25,"column":1}}}},"branchMap":{"0":{"loc":{"start":{"line":9,"column":2},"end":{"line":9,"column":36}},"type":"if","locations":[{"start":{"line":9,"column":2},"end":{"line":9,"column":36}}]},"1":{"loc":{"start":{"line":18,"column":2},"end":{"line":18,"column":27}},"type":"if","locations":[{"start":{"line":18,"column":2},"end":{"line":18,"column":27}}]},"2":{"loc":{"start":{"line":24,"column":9},"end":{"line":24,"column":64}},"type":"binary-expr","locations":[{"start":{"line":24,"column":9},"end":{"line":24,"column":35}},{"start":{"line":24,"column":39},"end":{"line":24,"column":64}}]}},"s":{"0":11,"1":11,"2":11,"3":11,"4":2,"5":2,"6":1,"7":1,"8":9,"9":9,"10":1,"11":8,"12":8,"13":8,"14":8,"15":11,"16":11},"f":{"0":2,"1":9},"b":{"0":[1],"1":[1],"2":[8,7]}}
,"/home/votleita/Projects/drivent1-ref-initial/src/services/hotels-service/index.ts": {"path":"/home/votleita/Projects/drivent1-ref-initial/src/services/hotels-service/index.ts","statementMap":{"0":{"start":{"line":1,"column":0},"end":{"line":1,"column":41}},"1":{"start":{"line":2,"column":0},"end":{"line":2,"column":64}},"2":{"start":{"line":3,"column":0},"end":{"line":3,"column":64}},"3":{"start":{"line":4,"column":0},"end":{"line":4,"column":66}},"4":{"start":{"line":7,"column":2},"end":{"line":7,"column":33}},"5":{"start":{"line":9,"column":20},"end":{"line":9,"column":55}},"6":{"start":{"line":10,"column":2},"end":{"line":10,"column":43}},"7":{"start":{"line":10,"column":21},"end":{"line":10,"column":43}},"8":{"start":{"line":12,"column":2},"end":{"line":12,"column":19}},"9":{"start":{"line":16,"column":2},"end":{"line":16,"column":33}},"10":{"start":{"line":18,"column":16},"end":{"line":18,"column":57}},"11":{"start":{"line":19,"column":2},"end":{"line":19,"column":36}},"12":{"start":{"line":19,"column":14},"end":{"line":19,"column":36}},"13":{"start":{"line":21,"column":2},"end":{"line":21,"column":56}},"14":{"start":{"line":24,"column":13},"end":{"line":27,"column":2}},"15":{"start":{"line":30,"column":25},"end":{"line":30,"column":74}},"16":{"start":{"line":31,"column":2},"end":{"line":31,"column":45}},"17":{"start":{"line":31,"column":23},"end":{"line":31,"column":45}},"18":{"start":{"line":35,"column":6},"end":{"line":35,"column":52}},"19":{"start":{"line":36,"column":2},"end":{"line":36,"column":37}},"20":{"start":{"line":36,"column":15},"end":{"line":36,"column":37}},"21":{"start":{"line":38,"column":2},"end":{"line":39,"column":28}},"22":{"start":{"line":39,"column":4},"end":{"line":39,"column":28}}},"fnMap":{"0":{"name":"listHotels","decl":{"start":{"line":6,"column":15},"end":{"line":6,"column":25}},"loc":{"start":{"line":6,"column":40},"end":{"line":13,"column":1}}},"1":{"name":"listHotelRooms","decl":{"start":{"line":15,"column":15},"end":{"line":15,"column":29}},"loc":{"start":{"line":15,"column":61},"end":{"line":22,"column":1}}},"2":{"name":"validateUserData","decl":{"start":{"line":29,"column":15},"end":{"line":29,"column":31}},"loc":{"start":{"line":29,"column":46},"end":{"line":40,"column":1}}}},"branchMap":{"0":{"loc":{"start":{"line":10,"column":2},"end":{"line":10,"column":43}},"type":"if","locations":[{"start":{"line":10,"column":2},"end":{"line":10,"column":43}}]},"1":{"loc":{"start":{"line":19,"column":2},"end":{"line":19,"column":36}},"type":"if","locations":[{"start":{"line":19,"column":2},"end":{"line":19,"column":36}}]},"2":{"loc":{"start":{"line":31,"column":2},"end":{"line":31,"column":45}},"type":"if","locations":[{"start":{"line":31,"column":2},"end":{"line":31,"column":45}}]},"3":{"loc":{"start":{"line":36,"column":2},"end":{"line":36,"column":37}},"type":"if","locations":[{"start":{"line":36,"column":2},"end":{"line":36,"column":37}}]},"4":{"loc":{"start":{"line":38,"column":2},"end":{"line":39,"column":28}},"type":"if","locations":[{"start":{"line":38,"column":2},"end":{"line":39,"column":28}}]},"5":{"loc":{"start":{"line":38,"column":6},"end":{"line":38,"column":96}},"type":"binary-expr","locations":[{"start":{"line":38,"column":6},"end":{"line":38,"column":38}},{"start":{"line":38,"column":42},"end":{"line":38,"column":68}},{"start":{"line":38,"column":72},"end":{"line":38,"column":96}}]}},"s":{"0":11,"1":11,"2":11,"3":11,"4":7,"5":2,"6":2,"7":1,"8":1,"9":5,"10":2,"11":2,"12":1,"13":1,"14":11,"15":12,"16":12,"17":1,"18":11,"19":11,"20":1,"21":10,"22":6},"f":{"0":7,"1":5,"2":12},"b":{"0":[1],"1":[1],"2":[1],"3":[1],"4":[6],"5":[10,6,5]}}
,"/home/votleita/Projects/drivent1-ref-initial/src/services/payments-service/index.ts": {"path":"/home/votleita/Projects/drivent1-ref-initial/src/services/payments-service/index.ts","statementMap":{"0":{"start":{"line":1,"column":0},"end":{"line":1,"column":60}},"1":{"start":{"line":3,"column":0},"end":{"line":3,"column":89}},"2":{"start":{"line":6,"column":17},"end":{"line":6,"column":61}},"3":{"start":{"line":7,"column":2},"end":{"line":7,"column":37}},"4":{"start":{"line":7,"column":15},"end":{"line":7,"column":37}},"5":{"start":{"line":11,"column":6},"end":{"line":11,"column":67}},"6":{"start":{"line":12,"column":2},"end":{"line":12,"column":44}},"7":{"start":{"line":12,"column":18},"end":{"line":12,"column":44}},"8":{"start":{"line":14,"column":21},"end":{"line":14,"column":64}},"9":{"start":{"line":16,"column":2},"end":{"line":16,"column":20}},"10":{"start":{"line":23,"column":17},"end":{"line":23,"column":72}},"11":{"start":{"line":24,"column":2},"end":{"line":24,"column":37}},"12":{"start":{"line":24,"column":15},"end":{"line":24,"column":37}},"13":{"start":{"line":28,"column":6},"end":{"line":28,"column":88}},"14":{"start":{"line":29,"column":2},"end":{"line":29,"column":44}},"15":{"start":{"line":29,"column":18},"end":{"line":29,"column":44}},"16":{"start":{"line":31,"column":21},"end":{"line":31,"column":80}},"17":{"start":{"line":33,"column":22},"end":{"line":38,"column":4}},"18":{"start":{"line":40,"column":2},"end":{"line":40,"column":73}},"19":{"start":{"line":42,"column":2},"end":{"line":42,"column":21}},"20":{"start":{"line":45,"column":13},"end":{"line":48,"column":2}}},"fnMap":{"0":{"name":"getTicketPaymentInfo","decl":{"start":{"line":5,"column":15},"end":{"line":5,"column":35}},"loc":{"start":{"line":5,"column":94},"end":{"line":17,"column":1}}},"1":{"name":"postTicketPayment","decl":{"start":{"line":19,"column":15},"end":{"line":19,"column":32}},"loc":{"start":{"line":21,"column":16},"end":{"line":43,"column":1}}}},"branchMap":{"0":{"loc":{"start":{"line":7,"column":2},"end":{"line":7,"column":37}},"type":"if","locations":[{"start":{"line":7,"column":2},"end":{"line":7,"column":37}}]},"1":{"loc":{"start":{"line":12,"column":2},"end":{"line":12,"column":44}},"type":"if","locations":[{"start":{"line":12,"column":2},"end":{"line":12,"column":44}}]},"2":{"loc":{"start":{"line":24,"column":2},"end":{"line":24,"column":37}},"type":"if","locations":[{"start":{"line":24,"column":2},"end":{"line":24,"column":37}}]},"3":{"loc":{"start":{"line":29,"column":2},"end":{"line":29,"column":44}},"type":"if","locations":[{"start":{"line":29,"column":2},"end":{"line":29,"column":44}}]}},"s":{"0":11,"1":11,"2":3,"3":3,"4":1,"5":2,"6":2,"7":1,"8":1,"9":1,"10":5,"11":5,"12":1,"13":4,"14":4,"15":1,"16":3,"17":3,"18":3,"19":3,"20":11},"f":{"0":3,"1":5},"b":{"0":[1],"1":[1],"2":[1],"3":[1]}}
,"/home/votleita/Projects/drivent1-ref-initial/src/services/tickets-service/index.ts": {"path":"/home/votleita/Projects/drivent1-ref-initial/src/services/tickets-service/index.ts","statementMap":{"0":{"start":{"line":1,"column":0},"end":{"line":1,"column":41}},"1":{"start":{"line":2,"column":0},"end":{"line":2,"column":64}},"2":{"start":{"line":5,"column":2},"end":{"line":5,"column":55}},"3":{"start":{"line":9,"column":25},"end":{"line":9,"column":74}},"4":{"start":{"line":10,"column":2},"end":{"line":10,"column":45}},"5":{"start":{"line":10,"column":23},"end":{"line":10,"column":45}},"6":{"start":{"line":12,"column":21},"end":{"line":12,"column":67}},"7":{"start":{"line":13,"column":2},"end":{"line":13,"column":40}},"8":{"start":{"line":13,"column":18},"end":{"line":13,"column":40}},"9":{"start":{"line":15,"column":2},"end":{"line":15,"column":19}},"10":{"start":{"line":19,"column":21},"end":{"line":19,"column":70}},"11":{"start":{"line":21,"column":2},"end":{"line":21,"column":41}},"12":{"start":{"line":21,"column":19},"end":{"line":21,"column":41}},"13":{"start":{"line":23,"column":2},"end":{"line":23,"column":95}},"14":{"start":{"line":26,"column":13},"end":{"line":30,"column":2}}},"fnMap":{"0":{"name":"listTicketTypes","decl":{"start":{"line":4,"column":15},"end":{"line":4,"column":30}},"loc":{"start":{"line":4,"column":30},"end":{"line":6,"column":1}}},"1":{"name":"listUserTickets","decl":{"start":{"line":8,"column":15},"end":{"line":8,"column":30}},"loc":{"start":{"line":8,"column":45},"end":{"line":16,"column":1}}},"2":{"name":"createNewTicket","decl":{"start":{"line":18,"column":15},"end":{"line":18,"column":30}},"loc":{"start":{"line":18,"column":97},"end":{"line":24,"column":1}}}},"branchMap":{"0":{"loc":{"start":{"line":10,"column":2},"end":{"line":10,"column":45}},"type":"if","locations":[{"start":{"line":10,"column":2},"end":{"line":10,"column":45}}]},"1":{"loc":{"start":{"line":13,"column":2},"end":{"line":13,"column":40}},"type":"if","locations":[{"start":{"line":13,"column":2},"end":{"line":13,"column":40}}]},"2":{"loc":{"start":{"line":21,"column":2},"end":{"line":21,"column":41}},"type":"if","locations":[{"start":{"line":21,"column":2},"end":{"line":21,"column":41}}]}},"s":{"0":11,"1":11,"2":2,"3":3,"4":3,"5":1,"6":2,"7":2,"8":1,"9":1,"10":3,"11":3,"12":1,"13":2,"14":11},"f":{"0":2,"1":3,"2":3},"b":{"0":[1],"1":[1],"2":[1]}}
,"/home/votleita/Projects/drivent1-ref-initial/src/services/users-service/errors.ts": {"path":"/home/votleita/Projects/drivent1-ref-initial/src/services/users-service/errors.ts","statementMap":{"0":{"start":{"line":4,"column":2},"end":{"line":7,"column":4}},"1":{"start":{"line":3,"column":0},"end":{"line":3,"column":16}}},"fnMap":{"0":{"name":"duplicatedEmailError","decl":{"start":{"line":3,"column":16},"end":{"line":3,"column":36}},"loc":{"start":{"line":3,"column":36},"end":{"line":8,"column":1}}}},"branchMap":{},"s":{"0":4,"1":11},"f":{"0":4},"b":{}}
,"/home/votleita/Projects/drivent1-ref-initial/src/services/users-service/index.ts": {"path":"/home/votleita/Projects/drivent1-ref-initial/src/services/users-service/index.ts","statementMap":{"0":{"start":{"line":2,"column":0},"end":{"line":2,"column":28}},"1":{"start":{"line":3,"column":0},"end":{"line":3,"column":46}},"2":{"start":{"line":4,"column":0},"end":{"line":4,"column":48}},"3":{"start":{"line":5,"column":0},"end":{"line":5,"column":60}},"4":{"start":{"line":6,"column":0},"end":{"line":6,"column":60}},"5":{"start":{"line":9,"column":2},"end":{"line":9,"column":26}},"6":{"start":{"line":11,"column":2},"end":{"line":11,"column":41}},"7":{"start":{"line":13,"column":25},"end":{"line":13,"column":56}},"8":{"start":{"line":14,"column":2},"end":{"line":17,"column":5}},"9":{"start":{"line":8,"column":0},"end":{"line":8,"column":7}},"10":{"start":{"line":21,"column":28},"end":{"line":21,"column":67}},"11":{"start":{"line":22,"column":2},"end":{"line":24,"column":null}},"12":{"start":{"line":23,"column":4},"end":{"line":23,"column":33}},"13":{"start":{"line":28,"column":20},"end":{"line":28,"column":62}},"14":{"start":{"line":29,"column":2},"end":{"line":31,"column":null}},"15":{"start":{"line":30,"column":4},"end":{"line":30,"column":45}},"16":{"start":{"line":36,"column":20},"end":{"line":38,"column":2}},"17":{"start":{"line":40,"column":0},"end":{"line":40,"column":25}},"18":{"start":{"line":41,"column":0},"end":{"line":41,"column":27}}},"fnMap":{"0":{"name":"createUser","decl":{"start":{"line":8,"column":22},"end":{"line":8,"column":32}},"loc":{"start":{"line":8,"column":70},"end":{"line":18,"column":1}}},"1":{"name":"validateUniqueEmailOrFail","decl":{"start":{"line":20,"column":15},"end":{"line":20,"column":40}},"loc":{"start":{"line":20,"column":54},"end":{"line":25,"column":1}}},"2":{"name":"canEnrollOrFail","decl":{"start":{"line":27,"column":15},"end":{"line":27,"column":30}},"loc":{"start":{"line":27,"column":30},"end":{"line":32,"column":1}}}},"branchMap":{"0":{"loc":{"start":{"line":22,"column":2},"end":{"line":24,"column":null}},"type":"if","locations":[{"start":{"line":22,"column":2},"end":{"line":24,"column":null}}]},"1":{"loc":{"start":{"line":29,"column":2},"end":{"line":31,"column":null}},"type":"if","locations":[{"start":{"line":29,"column":2},"end":{"line":31,"column":null}}]}},"s":{"0":11,"1":11,"2":11,"3":11,"4":11,"5":9,"6":7,"7":5,"8":5,"9":11,"10":7,"11":7,"12":2,"13":9,"14":9,"15":2,"16":11,"17":11,"18":11},"f":{"0":9,"1":7,"2":9},"b":{"0":[2],"1":[2]}}
,"/home/votleita/Projects/drivent1-ref-initial/src/utils/prisma-utils.ts": {"path":"/home/votleita/Projects/drivent1-ref-initial/src/utils/prisma-utils.ts","statementMap":{"0":{"start":{"line":2,"column":20},"end":{"line":2,"column":54}},"1":{"start":{"line":3,"column":2},"end":{"line":5,"column":null}},"2":{"start":{"line":4,"column":4},"end":{"line":4,"column":26}},"3":{"start":{"line":6,"column":2},"end":{"line":6,"column":19}},"4":{"start":{"line":1,"column":0},"end":{"line":1,"column":16}}},"fnMap":{"0":{"name":"exclude","decl":{"start":{"line":1,"column":16},"end":{"line":1,"column":23}},"loc":{"start":{"line":1,"column":73},"end":{"line":7,"column":1}}}},"branchMap":{},"s":{"0":12,"1":12,"2":18,"3":12,"4":11},"f":{"0":12},"b":{}}
,"/home/votleita/Projects/drivent1-ref-initial/src/utils/request.ts": {"path":"/home/votleita/Projects/drivent1-ref-initial/src/utils/request.ts","statementMap":{"0":{"start":{"line":1,"column":0},"end":{"line":1,"column":26}},"1":{"start":{"line":2,"column":0},"end":{"line":2,"column":40}},"2":{"start":{"line":5,"column":2},"end":{"line":12,"column":null}},"3":{"start":{"line":6,"column":19},"end":{"line":6,"column":39}},"4":{"start":{"line":7,"column":4},"end":{"line":7,"column":18}},"5":{"start":{"line":9,"column":35},"end":{"line":9,"column":49}},"6":{"start":{"line":11,"column":4},"end":{"line":11,"column":44}},"7":{"start":{"line":15,"column":13},"end":{"line":17,"column":2}}},"fnMap":{"0":{"name":"get","decl":{"start":{"line":4,"column":15},"end":{"line":4,"column":18}},"loc":{"start":{"line":4,"column":30},"end":{"line":13,"column":1}}}},"branchMap":{},"s":{"0":11,"1":11,"2":3,"3":3,"4":3,"5":0,"6":0,"7":11},"f":{"0":3},"b":{}}
}
