TN:
SF:src/app.ts
FN:26,(anonymous_1)
FN:37,init
FN:42,close
FNF:3
FNH:2
FNDA:1,(anonymous_1)
FNDA:11,init
FNDA:0,close
DA:1,11
DA:2,11
DA:3,11
DA:4,11
DA:6,11
DA:8,11
DA:10,11
DA:11,11
DA:22,11
DA:23,11
DA:26,1
DA:37,11
DA:38,11
DA:39,11
DA:42,11
DA:43,0
DA:46,11
LF:17
LH:16
BRF:0
BRH:0
end_of_record
TN:
SF:src/server.ts
FN:5,(anonymous_6)
FN:6,(anonymous_7)
FNF:2
FNH:0
FNDA:0,(anonymous_6)
FNDA:0,(anonymous_7)
DA:1,0
DA:3,0
DA:5,0
DA:6,0
DA:8,0
LF:5
LH:0
BRDA:3,0,0,0
BRDA:3,0,1,0
BRF:2
BRH:0
end_of_record
TN:
SF:src/config/database.ts
FN:4,connectDb
FN:8,disconnectDB
FNF:2
FNH:1
FNDA:11,connectDb
FNDA:0,disconnectDB
DA:1,14
DA:4,14
DA:5,11
DA:8,14
DA:9,0
LF:5
LH:4
BRF:0
BRH:0
end_of_record
TN:
SF:src/config/envs.ts
FN:4,loadEnv
FNF:1
FNH:1
FNDA:25,loadEnv
DA:1,14
DA:2,14
DA:4,14
DA:6,25
DA:12,25
DA:13,25
LF:6
LH:6
BRDA:6,0,0,25
BRDA:6,0,1,0
BRDA:8,1,0,0
BRDA:8,1,1,0
BRF:4
BRH:1
end_of_record
TN:
SF:src/config/index.ts
FNF:0
FNH:0
DA:1,14
DA:2,14
LF:2
LH:2
BRF:0
BRH:0
end_of_record
TN:
SF:src/controllers/authentication-controller.ts
FN:5,singInPost
FNF:1
FNH:1
FNDA:5,singInPost
DA:2,11
DA:3,11
DA:5,11
DA:6,5
DA:8,5
DA:9,5
DA:11,3
DA:13,2
LF:8
LH:8
BRF:0
BRH:0
end_of_record
TN:
SF:src/controllers/booking-controller.ts
FN:6,userBookingData
FN:16,registerNewBooking
FN:28,changeBooking
FNF:3
FNH:3
FNDA:2,userBookingData
FNDA:6,registerNewBooking
FNDA:7,changeBooking
DA:3,11
DA:4,11
DA:6,11
DA:7,2
DA:8,2
DA:9,2
DA:10,1
DA:12,1
DA:16,11
DA:17,6
DA:18,6
DA:19,6
DA:20,6
DA:22,1
DA:24,5
DA:28,11
DA:29,7
DA:30,7
DA:31,7
DA:32,7
DA:33,7
DA:34,1
DA:36,6
LF:23
LH:23
BRF:0
BRH:0
end_of_record
TN:
SF:src/controllers/enrollments-controller.ts
FN:6,getEnrollmentByUser
FN:18,postCreateOrUpdateEnrollment
FN:31,getAddressFromCEP
FNF:3
FNH:3
FNDA:2,getEnrollmentByUser
FNDA:2,postCreateOrUpdateEnrollment
FNDA:1,getAddressFromCEP
DA:2,11
DA:4,11
DA:6,11
DA:7,2
DA:9,2
DA:10,2
DA:12,1
DA:14,1
DA:18,11
DA:19,2
DA:20,2
DA:25,2
DA:27,0
DA:31,11
DA:32,1
DA:34,1
DA:35,1
DA:36,1
DA:38,0
DA:39,0
DA:41,0
LF:21
LH:17
BRDA:38,0,0,0
BRDA:38,0,1,0
BRF:2
BRH:0
end_of_record
TN:
SF:src/controllers/events-controller.ts
FN:5,getDefaultEvent
FNF:1
FNH:1
FNDA:2,getDefaultEvent
DA:2,11
DA:3,11
DA:5,11
DA:6,2
DA:7,2
DA:8,1
DA:10,1
LF:7
LH:7
BRF:0
BRH:0
end_of_record
TN:
SF:src/controllers/hotels-controller.ts
FN:6,getHotelList
FN:16,getHotelRooms
FNF:2
FNH:2
FNDA:7,getHotelList
FNDA:5,getHotelRooms
DA:2,11
DA:4,11
DA:6,11
DA:7,7
DA:8,7
DA:9,7
DA:10,1
DA:12,6
DA:16,11
DA:17,5
DA:18,5
DA:20,5
DA:21,5
DA:22,1
DA:24,4
LF:15
LH:15
BRF:0
BRH:0
end_of_record
TN:
SF:src/controllers/index.ts
FNF:0
FNH:0
DA:1,11
DA:2,11
DA:3,11
DA:4,11
DA:5,11
DA:6,11
DA:7,11
DA:8,11
LF:8
LH:8
BRF:0
BRH:0
end_of_record
TN:
SF:src/controllers/payments-controller.ts
FN:7,getTicketPaymentInfo
FN:18,postTicketPayment
FNF:2
FNH:2
FNDA:3,getTicketPaymentInfo
FNDA:5,postTicketPayment
DA:2,11
DA:3,11
DA:7,11
DA:8,3
DA:9,3
DA:10,3
DA:11,3
DA:12,1
DA:14,2
DA:18,11
DA:19,5
DA:20,5
DA:22,5
DA:23,5
DA:24,3
DA:26,2
LF:16
LH:16
BRF:0
BRH:0
end_of_record
TN:
SF:src/controllers/tickets-controller.ts
FN:6,getTicketType
FN:15,getTicketsFromUserId
FN:25,postNewTiket
FNF:3
FNH:3
FNDA:2,getTicketType
FNDA:3,getTicketsFromUserId
FNDA:3,postNewTiket
DA:2,11
DA:4,11
DA:6,11
DA:7,2
DA:8,2
DA:9,2
DA:11,0
DA:15,11
DA:16,3
DA:17,3
DA:18,3
DA:19,1
DA:21,2
DA:25,11
DA:26,3
DA:27,3
DA:29,3
DA:30,3
DA:31,2
DA:33,1
LF:20
LH:19
BRF:0
BRH:0
end_of_record
TN:
SF:src/controllers/users-controller.ts
FN:5,usersPost
FNF:1
FNH:1
FNDA:6,usersPost
DA:2,11
DA:3,11
DA:5,11
DA:6,6
DA:8,6
DA:9,6
DA:10,3
DA:15,3
DA:16,1
DA:18,2
LF:10
LH:10
BRDA:15,0,0,1
BRF:1
BRH:1
end_of_record
TN:
SF:src/errors/cannot-enroll-before-start-date-error.ts
FN:3,cannotEnrollBeforeStartDateError
FNF:1
FNH:1
FNDA:2,cannotEnrollBeforeStartDateError
DA:3,11
DA:4,2
LF:2
LH:2
BRF:0
BRH:0
end_of_record
TN:
SF:src/errors/cannot-list-hotels-error.ts
FN:3,cannotListHotelsError
FNF:1
FNH:0
FNDA:0,cannotListHotelsError
DA:3,0
DA:4,0
LF:2
LH:0
BRF:0
BRH:0
end_of_record
TN:
SF:src/errors/conflict-error.ts
FN:3,conflictError
FNF:1
FNH:0
FNDA:0,conflictError
DA:3,11
DA:4,0
LF:2
LH:1
BRF:0
BRH:0
end_of_record
TN:
SF:src/errors/index.ts
FNF:0
FNH:0
DA:1,11
DA:2,11
DA:3,11
DA:4,11
DA:5,11
DA:6,11
DA:7,11
DA:8,11
LF:8
LH:8
BRF:0
BRH:0
end_of_record
TN:
SF:src/errors/invalid-access-error.ts
FN:3,invalidAccessError
FNF:1
FNH:1
FNDA:9,invalidAccessError
DA:3,11
DA:4,9
LF:2
LH:2
BRF:0
BRH:0
end_of_record
TN:
SF:src/errors/invalid-data-error.ts
FN:3,invalidDataError
FNF:1
FNH:1
FNDA:12,invalidDataError
DA:3,11
DA:4,12
LF:2
LH:2
BRF:0
BRH:0
end_of_record
TN:
SF:src/errors/invalid-email-error.ts
FN:3,invalidEmailError
FNF:1
FNH:0
FNDA:0,invalidEmailError
DA:3,11
DA:4,0
LF:2
LH:1
BRF:0
BRH:0
end_of_record
TN:
SF:src/errors/not-found-error.ts
FN:3,notFoundError
FNF:1
FNH:1
FNDA:14,notFoundError
DA:3,11
DA:4,14
LF:2
LH:2
BRF:0
BRH:0
end_of_record
TN:
SF:src/errors/payment-required-error.ts
FN:3,paymentRequired
FNF:1
FNH:1
FNDA:6,paymentRequired
DA:3,11
DA:4,6
LF:2
LH:2
BRF:0
BRH:0
end_of_record
TN:
SF:src/errors/request-error.ts
FN:3,requestError
FNF:1
FNH:0
FNDA:0,requestError
DA:3,11
DA:4,0
LF:2
LH:1
BRF:0
BRH:0
end_of_record
TN:
SF:src/errors/unauthorized-error.ts
FN:3,unauthorizedError
FNF:1
FNH:1
FNDA:38,unauthorizedError
DA:3,11
DA:4,38
LF:2
LH:2
BRF:0
BRH:0
end_of_record
TN:
SF:src/middlewares/authentication-middleware.ts
FN:8,authenticateToken
FN:33,generateUnauthorizedResponse
FNF:2
FNH:2
FNDA:90,authenticateToken
FNDA:36,generateUnauthorizedResponse
DA:2,11
DA:3,11
DA:5,11
DA:6,11
DA:8,11
DA:9,90
DA:10,90
DA:12,78
DA:13,78
DA:15,78
DA:16,78
DA:18,66
DA:23,66
DA:25,54
DA:27,54
DA:29,12
DA:34,36
LF:17
LH:17
BRDA:10,0,0,12
BRDA:13,1,0,0
BRDA:23,2,0,12
BRF:3
BRH:2
end_of_record
TN:
SF:src/middlewares/error-handling-middleware.ts
FN:5,handleApplicationErrors
FN:44,(anonymous_2)
FN:45,(anonymous_3)
FN:51,(anonymous_4)
FN:51,(anonymous_5)
FNF:5
FNH:5
FNDA:41,handleApplicationErrors
FNDA:29,(anonymous_2)
FNDA:28,(anonymous_3)
FNDA:27,(anonymous_4)
FNDA:27,(anonymous_5)
DA:2,11
DA:5,11
DA:11,41
DA:12,0
DA:17,41
DA:18,0
DA:23,41
DA:24,0
DA:29,41
DA:30,9
DA:35,32
DA:36,6
DA:41,26
DA:42,12
DA:44,29
DA:45,28
DA:47,1
DA:51,27
DA:52,0
DA:57,11
DA:64,14
DA:65,2
DA:70,12
DA:71,12
DA:76,0
DA:77,0
DA:83,0
DA:84,0
LF:28
LH:20
BRDA:11,0,0,0
BRDA:17,1,0,0
BRDA:17,2,0,41
BRDA:17,2,1,41
BRDA:23,3,0,0
BRDA:29,4,0,9
BRDA:35,5,0,6
BRDA:41,6,0,12
BRDA:42,7,0,1
BRDA:42,7,1,11
BRDA:51,8,0,0
BRDA:51,8,1,11
BRDA:64,9,0,2
BRDA:70,10,0,12
BRDA:76,11,0,0
BRF:15
BRH:10
end_of_record
TN:
SF:src/middlewares/index.ts
FNF:0
FNH:0
DA:1,11
DA:2,11
DA:3,11
LF:3
LH:3
BRF:0
BRH:0
end_of_record
TN:
SF:src/middlewares/validation-middleware.ts
FN:5,validateBody
FN:9,validateParams
FN:13,validateQuery
FN:17,validate
FN:18,(anonymous_4)
FN:26,(anonymous_5)
FNF:6
FNH:6
FNDA:55,validateBody
FNDA:11,validateParams
FNDA:22,validateQuery
FNDA:88,validate
FNDA:42,(anonymous_4)
FNDA:29,(anonymous_5)
DA:3,11
DA:5,11
DA:6,55
DA:9,11
DA:10,11
DA:13,11
DA:14,22
DA:18,88
DA:19,42
DA:23,42
DA:24,30
DA:26,29
DA:27,12
LF:13
LH:13
BRDA:23,0,0,30
BRDA:23,0,1,12
BRF:2
BRH:2
end_of_record
TN:
SF:src/repositories/address-repository/index.ts
FN:4,upsert
FNF:1
FNH:1
FNDA:2,upsert
DA:2,11
DA:5,2
DA:20,11
DA:24,11
LF:4
LH:4
BRF:0
BRH:0
end_of_record
TN:
SF:src/repositories/booking-repository/index.ts
FN:3,userBookingData
FN:15,findRoom
FN:23,findBookedRoom
FN:31,upsertBooking
FNF:4
FNH:4
FNDA:4,userBookingData
FNDA:13,findRoom
FNDA:5,findBookedRoom
FNDA:2,upsertBooking
DA:1,11
DA:4,4
DA:16,13
DA:24,5
DA:32,2
DA:45,11
DA:52,11
LF:7
LH:7
BRDA:33,0,0,0
BRDA:33,0,1,2
BRF:2
BRH:1
end_of_record
TN:
SF:src/repositories/enrollment-repository/index.ts
FN:4,findWithAddressByUserId
FN:13,upsert
FN:27,findById
FNF:3
FNH:2
FNDA:2,findWithAddressByUserId
FNDA:2,upsert
FNDA:0,findById
DA:2,11
DA:5,2
DA:18,2
DA:28,0
DA:36,11
DA:42,11
LF:6
LH:5
BRF:0
BRH:0
end_of_record
TN:
SF:src/repositories/event-repository/index.ts
FN:3,findFirst
FNF:1
FNH:1
FNDA:11,findFirst
DA:1,11
DA:4,11
DA:7,11
DA:11,11
LF:4
LH:4
BRF:0
BRH:0
end_of_record
TN:
SF:src/repositories/hotels-repository/index.ts
FN:3,listHotels
FN:7,findHotel
FN:15,listHotelRooms
FNF:3
FNH:3
FNDA:2,listHotels
FNDA:2,findHotel
FNDA:1,listHotelRooms
DA:1,11
DA:4,2
DA:8,2
DA:16,1
DA:26,11
LF:5
LH:5
BRF:0
BRH:0
end_of_record
TN:
SF:src/repositories/payment-repository/index.ts
FN:4,findFirst
FN:11,findTicket
FN:19,findTicketOwner
FN:36,findTicketType
FN:44,makeTicketPayment
FN:55,updateTciketPaymentStatus
FNF:6
FNH:6
FNDA:1,findFirst
FNDA:8,findTicket
FNDA:6,findTicketOwner
FNDA:3,findTicketType
FNDA:3,makeTicketPayment
FNDA:3,updateTciketPaymentStatus
DA:1,11
DA:5,1
DA:12,8
DA:22,6
DA:37,3
DA:45,3
DA:56,3
DA:66,11
DA:75,11
LF:9
LH:9
BRF:0
BRH:0
end_of_record
TN:
SF:src/repositories/payments-repository/index.ts
FN:4,findPaymentByTicketId
FN:12,createPayment
FNF:2
FNH:0
FNDA:0,findPaymentByTicketId
FNDA:0,createPayment
DA:1,0
DA:5,0
DA:13,0
DA:21,0
LF:4
LH:0
BRF:0
BRH:0
end_of_record
TN:
SF:src/repositories/session-repository/index.ts
FN:4,create
FNF:1
FNH:1
FNDA:5,create
DA:2,11
DA:5,5
DA:10,11
DA:14,11
LF:4
LH:4
BRF:0
BRH:0
end_of_record
TN:
SF:src/repositories/ticket-repository/index.ts
FN:4,selectAllTicketTypes
FN:8,findUserTickets
FN:23,createNewTicket
FN:36,findUserEnrrolment
FN:47,findTicketType
FNF:5
FNH:4
FNDA:2,selectAllTicketTypes
FNDA:24,findUserTickets
FNDA:2,createNewTicket
FNDA:29,findUserEnrrolment
FNDA:0,findTicketType
DA:1,11
DA:5,2
DA:9,24
DA:24,2
DA:37,29
DA:48,0
DA:55,11
DA:63,11
LF:8
LH:7
BRF:0
BRH:0
end_of_record
TN:
SF:src/repositories/user-repository/index.ts
FN:4,findByEmail
FN:18,create
FNF:2
FNH:2
FNDA:16,findByEmail
FNDA:5,create
DA:2,11
DA:5,16
DA:11,16
DA:12,9
DA:15,16
DA:19,5
DA:24,11
DA:29,11
LF:8
LH:8
BRDA:11,0,0,9
BRF:1
BRH:1
end_of_record
TN:
SF:src/routers/authentication-router.ts
FNF:0
FNH:0
DA:1,11
DA:2,11
DA:3,11
DA:4,11
DA:6,11
DA:8,11
DA:10,11
LF:7
LH:7
BRF:0
BRH:0
end_of_record
TN:
SF:src/routers/booking-router.ts
FNF:0
FNH:0
DA:1,11
DA:2,11
DA:3,11
DA:5,11
DA:7,11
DA:13,11
LF:6
LH:6
BRF:0
BRH:0
end_of_record
TN:
SF:src/routers/enrollments-router.ts
FNF:0
FNH:0
DA:1,11
DA:2,11
DA:3,11
DA:4,11
DA:6,11
DA:8,11
DA:14,11
LF:7
LH:7
BRF:0
BRH:0
end_of_record
TN:
SF:src/routers/events-router.ts
FNF:0
FNH:0
DA:1,11
DA:2,11
DA:4,11
DA:6,11
DA:8,11
LF:5
LH:5
BRF:0
BRH:0
end_of_record
TN:
SF:src/routers/hotels-router.ts
FNF:0
FNH:0
DA:1,11
DA:2,11
DA:3,11
DA:4,11
DA:6,11
DA:8,11
DA:13,11
LF:7
LH:7
BRF:0
BRH:0
end_of_record
TN:
SF:src/routers/index.ts
FNF:0
FNH:0
DA:1,11
DA:2,11
DA:3,11
DA:4,11
DA:5,11
DA:6,11
DA:7,11
DA:8,11
LF:8
LH:8
BRF:0
BRH:0
end_of_record
TN:
SF:src/routers/payments-router.ts
FNF:0
FNH:0
DA:1,11
DA:2,11
DA:3,11
DA:4,11
DA:6,11
DA:8,11
DA:13,11
LF:7
LH:7
BRF:0
BRH:0
end_of_record
TN:
SF:src/routers/tickets-router.ts
FNF:0
FNH:0
DA:1,11
DA:2,11
DA:3,11
DA:4,11
DA:6,11
DA:8,11
DA:14,11
LF:7
LH:7
BRF:0
BRH:0
end_of_record
TN:
SF:src/routers/users-router.ts
FNF:0
FNH:0
DA:1,11
DA:3,11
DA:4,11
DA:5,11
DA:7,11
DA:9,11
DA:11,11
LF:7
LH:7
BRF:0
BRH:0
end_of_record
TN:
SF:src/schemas/authentication-schemas.ts
FNF:0
FNH:0
DA:1,14
DA:4,14
LF:2
LH:2
BRF:0
BRH:0
end_of_record
TN:
SF:src/schemas/enrollments-schemas.ts
FN:23,(anonymous_1)
FN:34,joiCpfValidation
FN:44,JoiCepValidation
FN:54,joiMobilePhoneValidation
FNF:4
FNH:4
FNDA:378,(anonymous_1)
FNDA:29,joiCpfValidation
FNDA:21,JoiCepValidation
FNDA:23,joiMobilePhoneValidation
DA:1,14
DA:2,14
DA:5,14
DA:7,14
DA:9,14
DA:11,14
DA:23,378
DA:30,14
DA:35,29
DA:37,29
DA:38,1
DA:41,28
DA:45,21
DA:47,21
DA:48,2
DA:51,19
DA:55,23
DA:57,23
DA:58,0
DA:61,23
LF:20
LH:19
BRDA:35,0,0,0
BRDA:37,1,0,1
BRDA:45,2,0,0
BRDA:47,3,0,2
BRDA:55,4,0,0
BRDA:57,5,0,0
BRF:6
BRH:2
end_of_record
TN:
SF:src/schemas/hotels-schemas.ts
FN:8,joiNumberValidation
FNF:1
FNH:1
FNDA:5,joiNumberValidation
DA:1,11
DA:2,11
DA:4,11
DA:9,5
DA:11,5
DA:12,0
DA:15,5
LF:7
LH:6
BRDA:9,0,0,0
BRDA:11,1,0,0
BRF:2
BRH:0
end_of_record
TN:
SF:src/schemas/index.ts
FNF:0
FNH:0
DA:1,14
DA:2,14
DA:3,14
DA:4,14
LF:4
LH:4
BRF:0
BRH:0
end_of_record
TN:
SF:src/schemas/payments-schemas.ts
FN:21,joiNumberValidation
FNF:1
FNH:1
FNDA:3,joiNumberValidation
DA:1,14
DA:2,14
DA:4,14
DA:8,14
DA:16,14
DA:22,3
DA:24,3
DA:25,0
DA:28,3
LF:9
LH:8
BRDA:22,0,0,0
BRDA:24,1,0,0
BRF:2
BRH:0
end_of_record
TN:
SF:src/schemas/tickets-schemas.ts
FNF:0
FNH:0
DA:1,11
DA:3,11
LF:2
LH:2
BRF:0
BRH:0
end_of_record
TN:
SF:src/schemas/users-schemas.ts
FNF:0
FNH:0
DA:1,14
DA:4,14
LF:2
LH:2
BRF:0
BRH:0
end_of_record
TN:
SF:src/services/index.ts
FNF:0
FNH:0
DA:1,11
DA:2,11
DA:3,11
DA:4,11
DA:5,11
DA:6,11
DA:7,11
LF:7
LH:7
BRF:0
BRH:0
end_of_record
TN:
SF:src/services/authentication-service/errors.ts
FN:3,invalidCredentialsError
FNF:1
FNH:1
FNDA:6,invalidCredentialsError
DA:3,11
DA:4,6
LF:2
LH:2
BRF:0
BRH:0
end_of_record
TN:
SF:src/services/authentication-service/index.ts
FN:9,signIn
FN:24,getUserOrFail
FN:31,createSession
FN:41,validatePasswordOrFail
FNF:4
FNH:4
FNDA:9,signIn
FNDA:9,getUserOrFail
FNDA:5,createSession
FNDA:7,validatePasswordOrFail
DA:2,11
DA:3,11
DA:4,11
DA:5,11
DA:6,11
DA:7,11
DA:10,9
DA:12,9
DA:14,7
DA:16,5
DA:18,5
DA:25,9
DA:26,9
DA:28,7
DA:32,5
DA:33,5
DA:38,5
DA:42,7
DA:43,7
DA:55,11
DA:59,11
DA:60,11
LF:22
LH:22
BRDA:26,0,0,2
BRDA:43,1,0,2
BRF:2
BRH:2
end_of_record
TN:
SF:src/services/booking-service/index.ts
FN:5,userBookingData
FN:11,registerNewBooking
FN:18,changeBookingRoom
FN:36,validateUserData
FNF:4
FNH:4
FNDA:2,userBookingData
FNDA:6,registerNewBooking
FNDA:7,changeBookingRoom
FNDA:13,validateUserData
DA:1,11
DA:2,11
DA:3,11
DA:6,2
DA:7,2
DA:8,1
DA:12,6
DA:14,1
DA:15,1
DA:19,7
DA:21,2
DA:22,2
DA:24,1
DA:25,1
DA:28,11
DA:34,11
DA:37,13
DA:38,13
DA:40,11
DA:41,11
DA:45,11
DA:46,11
DA:47,6
DA:49,5
DA:50,5
DA:52,3
LF:26
LH:26
BRDA:7,0,0,1
BRDA:22,1,0,1
BRDA:38,2,0,2
BRDA:41,3,0,0
BRDA:46,4,0,6
BRDA:46,5,0,11
BRDA:46,5,1,11
BRDA:46,5,2,9
BRDA:46,5,3,7
BRDA:50,6,0,2
BRF:10
BRH:9
end_of_record
TN:
SF:src/services/enrollments-service/index.ts
FN:9,getAddressFromCEP
FN:31,getOneWithAddressByUserId
FN:47,getFirstAddress
FN:55,createOrUpdateEnrollmentWithAddress
FN:70,getAddressForUpsert
FNF:5
FNH:5
FNDA:3,getAddressFromCEP
FNDA:2,getOneWithAddressByUserId
FNDA:1,getFirstAddress
FNDA:2,createOrUpdateEnrollmentWithAddress
FNDA:2,getAddressForUpsert
DA:2,11
DA:3,11
DA:4,11
DA:5,11
DA:6,11
DA:10,3
DA:12,3
DA:13,0
DA:16,3
DA:18,3
DA:26,3
DA:32,2
DA:34,2
DA:36,1
DA:37,1
DA:39,1
DA:48,1
DA:50,1
DA:56,2
DA:57,2
DA:59,2
DA:60,2
DA:62,0
DA:65,2
DA:67,2
DA:71,2
DA:81,11
DA:87,11
LF:28
LH:26
BRDA:12,0,0,0
BRDA:12,1,0,3
BRDA:12,1,1,3
BRDA:34,2,0,1
BRDA:41,3,0,1
BRDA:41,3,1,1
BRDA:48,4,0,0
BRDA:73,5,0,2
BRDA:73,5,1,2
BRF:9
BRH:7
end_of_record
TN:
SF:src/services/events-service/index.ts
FN:7,getFirstEvent
FN:16,isCurrentEventActive
FNF:2
FNH:2
FNDA:2,getFirstEvent
FNDA:9,isCurrentEventActive
DA:2,11
DA:3,11
DA:4,11
DA:5,11
DA:8,2
DA:9,2
DA:11,1
DA:17,9
DA:18,9
DA:20,8
DA:21,8
DA:22,8
DA:24,8
DA:27,11
DA:32,11
LF:15
LH:15
BRDA:9,0,0,1
BRDA:18,1,0,1
BRDA:24,2,0,8
BRDA:24,2,1,7
BRF:4
BRH:4
end_of_record
TN:
SF:src/services/hotels-service/index.ts
FN:6,listHotels
FN:15,listHotelRooms
FN:29,validateUserData
FNF:3
FNH:3
FNDA:7,listHotels
FNDA:5,listHotelRooms
FNDA:12,validateUserData
DA:1,11
DA:2,11
DA:3,11
DA:4,11
DA:7,7
DA:9,2
DA:10,2
DA:12,1
DA:16,5
DA:18,2
DA:19,2
DA:21,1
DA:24,11
DA:30,12
DA:31,12
DA:35,11
DA:36,11
DA:38,10
DA:39,6
LF:19
LH:19
BRDA:10,0,0,1
BRDA:19,1,0,1
BRDA:31,2,0,1
BRDA:36,3,0,1
BRDA:38,4,0,6
BRDA:38,5,0,10
BRDA:38,5,1,6
BRDA:38,5,2,5
BRF:8
BRH:8
end_of_record
TN:
SF:src/services/payments-service/index.ts
FN:5,getTicketPaymentInfo
FN:19,postTicketPayment
FNF:2
FNH:2
FNDA:3,getTicketPaymentInfo
FNDA:5,postTicketPayment
DA:1,11
DA:3,11
DA:6,3
DA:7,3
DA:11,2
DA:12,2
DA:14,1
DA:16,1
DA:23,5
DA:24,5
DA:28,4
DA:29,4
DA:31,3
DA:33,3
DA:40,3
DA:42,3
DA:45,11
LF:17
LH:17
BRDA:7,0,0,1
BRDA:12,1,0,1
BRDA:24,2,0,1
BRDA:29,3,0,1
BRF:4
BRH:4
end_of_record
TN:
SF:src/services/tickets-service/index.ts
FN:4,listTicketTypes
FN:8,listUserTickets
FN:18,createNewTicket
FNF:3
FNH:3
FNDA:2,listTicketTypes
FNDA:3,listUserTickets
FNDA:3,createNewTicket
DA:1,11
DA:2,11
DA:5,2
DA:9,3
DA:10,3
DA:12,2
DA:13,2
DA:15,1
DA:19,3
DA:21,3
DA:23,2
DA:26,11
LF:12
LH:12
BRDA:10,0,0,1
BRDA:13,1,0,1
BRDA:21,2,0,1
BRF:3
BRH:3
end_of_record
TN:
SF:src/services/users-service/errors.ts
FN:3,duplicatedEmailError
FNF:1
FNH:1
FNDA:4,duplicatedEmailError
DA:3,11
DA:4,4
LF:2
LH:2
BRF:0
BRH:0
end_of_record
TN:
SF:src/services/users-service/index.ts
FN:8,createUser
FN:20,validateUniqueEmailOrFail
FN:27,canEnrollOrFail
FNF:3
FNH:3
FNDA:9,createUser
FNDA:7,validateUniqueEmailOrFail
FNDA:9,canEnrollOrFail
DA:2,11
DA:3,11
DA:4,11
DA:5,11
DA:6,11
DA:8,11
DA:9,9
DA:11,7
DA:13,5
DA:14,5
DA:21,7
DA:22,7
DA:23,2
DA:28,9
DA:29,9
DA:30,2
DA:36,11
DA:40,11
DA:41,11
LF:19
LH:19
BRDA:22,0,0,2
BRDA:29,1,0,2
BRF:2
BRH:2
end_of_record
TN:
SF:src/utils/prisma-utils.ts
FN:1,exclude
FNF:1
FNH:1
FNDA:12,exclude
DA:1,11
DA:2,12
DA:3,12
DA:4,18
DA:6,12
LF:5
LH:5
BRF:0
BRH:0
end_of_record
TN:
SF:src/utils/request.ts
FN:4,get
FNF:1
FNH:1
FNDA:3,get
DA:1,11
DA:2,11
DA:5,3
DA:6,3
DA:7,3
DA:9,0
DA:11,0
DA:15,11
LF:8
LH:6
BRF:0
BRH:0
end_of_record
